<?xml version="1.0" encoding="UTF-8"?>
<testsuite name="az.edu.ada.wm2.springbootsecurityframeworkdemo.SpringBootSecurityFrameworkDemoApplicationTests" tests="1" skipped="0" failures="0" errors="0" timestamp="2024-05-05T18:24:23" hostname="DESKTOP-QO9DOES" time="0.765">
  <properties/>
  <testcase name="contextLoads()" classname="az.edu.ada.wm2.springbootsecurityframeworkdemo.SpringBootSecurityFrameworkDemoApplicationTests" time="0.765"/>
  <system-out><![CDATA[22:24:11.482 [Test worker] INFO org.springframework.test.context.support.AnnotationConfigContextLoaderUtils -- Could not detect default configuration classes for test class [az.edu.ada.wm2.springbootsecurityframeworkdemo.SpringBootSecurityFrameworkDemoApplicationTests]: SpringBootSecurityFrameworkDemoApplicationTests does not declare any static, non-private, non-final, nested classes annotated with @Configuration.
22:24:11.677 [Test worker] INFO org.springframework.boot.test.context.SpringBootTestContextBootstrapper -- Found @SpringBootConfiguration az.edu.ada.wm2.springbootsecurityframeworkdemo.SpringBootSecurityFrameworkDemoApplication for test class az.edu.ada.wm2.springbootsecurityframeworkdemo.SpringBootSecurityFrameworkDemoApplicationTests

  .   ____          _            __ _ _
 /\\ / ___'_ __ _ _(_)_ __  __ _ \ \ \ \
( ( )\___ | '_ | '_| | '_ \/ _` | \ \ \ \
 \\/  ___)| |_)| | | | | || (_| |  ) ) ) )
  '  |____| .__|_| |_|_| |_\__, | / / / /
 =========|_|==============|___/=/_/_/_/
 :: Spring Boot ::                (v3.2.5)

2024-05-05T22:24:12.353+04:00 DEBUG 19808 --- [kground-preinit] org.jboss.logging                        : Logging Provider: org.jboss.logging.Slf4jLoggerProvider found via system property
2024-05-05T22:24:12.362+04:00 DEBUG 19808 --- [kground-preinit] o.h.v.i.xml.config.ValidationXmlParser   : Trying to load META-INF/validation.xml for XML based Validator configuration.
2024-05-05T22:24:12.364+04:00 DEBUG 19808 --- [kground-preinit] o.h.v.i.xml.config.ResourceLoaderHelper  : Trying to load META-INF/validation.xml via TCCL
2024-05-05T22:24:12.365+04:00 DEBUG 19808 --- [kground-preinit] o.h.v.i.xml.config.ResourceLoaderHelper  : Trying to load META-INF/validation.xml via Hibernate Validator's class loader
2024-05-05T22:24:12.366+04:00 DEBUG 19808 --- [kground-preinit] o.h.v.i.xml.config.ValidationXmlParser   : No META-INF/validation.xml found. Using annotation based configuration only.
2024-05-05T22:24:12.376+04:00 DEBUG 19808 --- [kground-preinit] o.h.v.i.e.resolver.TraversableResolvers  : Found jakarta.persistence.Persistence on classpath containing 'getPersistenceUtil'. Assuming JPA 2 environment. Trying to instantiate JPA aware TraversableResolver
2024-05-05T22:24:12.377+04:00 DEBUG 19808 --- [kground-preinit] o.h.v.i.e.resolver.TraversableResolvers  : Instantiated JPA aware TraversableResolver of type org.hibernate.validator.internal.engine.resolver.JPATraversableResolver.
2024-05-05T22:24:12.396+04:00  INFO 19808 --- [    Test worker] ootSecurityFrameworkDemoApplicationTests : Starting SpringBootSecurityFrameworkDemoApplicationTests using Java 17.0.10 with PID 19808 (started by nargi in C:\Users\nargi\OneDrive\Documents\web2\as1-spring-boot-logging-and-security-nargizh7)
2024-05-05T22:24:12.397+04:00 DEBUG 19808 --- [    Test worker] ootSecurityFrameworkDemoApplicationTests : Running with Spring Boot v3.2.5, Spring v6.1.6
2024-05-05T22:24:12.398+04:00  INFO 19808 --- [    Test worker] ootSecurityFrameworkDemoApplicationTests : No active profile set, falling back to 1 default profile: "default"
2024-05-05T22:24:12.399+04:00 DEBUG 19808 --- [    Test worker] o.s.boot.SpringApplication               : Loading source class az.edu.ada.wm2.springbootsecurityframeworkdemo.SpringBootSecurityFrameworkDemoApplication
2024-05-05T22:24:12.411+04:00 DEBUG 19808 --- [kground-preinit] .h.v.m.ResourceBundleMessageInterpolator : Loaded expression factory via original TCCL
2024-05-05T22:24:12.457+04:00 DEBUG 19808 --- [    Test worker] o.s.w.c.s.GenericWebApplicationContext   : Refreshing org.springframework.web.context.support.GenericWebApplicationContext@21fff664
2024-05-05T22:24:12.484+04:00 DEBUG 19808 --- [    Test worker] o.s.b.f.s.DefaultListableBeanFactory     : Creating shared instance of singleton bean 'org.springframework.context.annotation.internalConfigurationAnnotationProcessor'
2024-05-05T22:24:12.508+04:00 DEBUG 19808 --- [    Test worker] o.s.b.f.s.DefaultListableBeanFactory     : Creating shared instance of singleton bean 'org.springframework.boot.autoconfigure.internalCachingMetadataReaderFactory'
2024-05-05T22:24:12.585+04:00 DEBUG 19808 --- [kground-preinit] .i.e.ValidatorFactoryConfigurationHelper : HV000252: Using org.hibernate.validator.internal.engine.DefaultPropertyNodeNameProvider as property node name provider.
2024-05-05T22:24:12.590+04:00 DEBUG 19808 --- [    Test worker] o.s.c.a.ClassPathBeanDefinitionScanner   : Identified candidate component class: file [C:\Users\nargi\OneDrive\Documents\web2\as1-spring-boot-logging-and-security-nargizh7\build\classes\java\main\az\edu\ada\wm2\springbootsecurityframeworkdemo\config\BeansConfig.class]
2024-05-05T22:24:12.592+04:00 DEBUG 19808 --- [    Test worker] o.s.c.a.ClassPathBeanDefinitionScanner   : Identified candidate component class: file [C:\Users\nargi\OneDrive\Documents\web2\as1-spring-boot-logging-and-security-nargizh7\build\classes\java\main\az\edu\ada\wm2\springbootsecurityframeworkdemo\config\MvcConfig.class]
2024-05-05T22:24:12.594+04:00 DEBUG 19808 --- [    Test worker] o.s.c.a.ClassPathBeanDefinitionScanner   : Identified candidate component class: file [C:\Users\nargi\OneDrive\Documents\web2\as1-spring-boot-logging-and-security-nargizh7\build\classes\java\main\az\edu\ada\wm2\springbootsecurityframeworkdemo\config\SecurityConfig.class]
2024-05-05T22:24:12.597+04:00 DEBUG 19808 --- [kground-preinit] .i.e.ValidatorFactoryConfigurationHelper : HV000234: Using org.hibernate.validator.messageinterpolation.ResourceBundleMessageInterpolator as ValidatorFactory-scoped message interpolator.
2024-05-05T22:24:12.597+04:00 DEBUG 19808 --- [kground-preinit] .i.e.ValidatorFactoryConfigurationHelper : HV000234: Using org.hibernate.validator.internal.engine.resolver.JPATraversableResolver as ValidatorFactory-scoped traversable resolver.
2024-05-05T22:24:12.598+04:00 DEBUG 19808 --- [kground-preinit] .i.e.ValidatorFactoryConfigurationHelper : HV000234: Using org.hibernate.validator.internal.util.ExecutableParameterNameProvider as ValidatorFactory-scoped parameter name provider.
2024-05-05T22:24:12.598+04:00 DEBUG 19808 --- [kground-preinit] .i.e.ValidatorFactoryConfigurationHelper : HV000234: Using org.hibernate.validator.internal.engine.DefaultClockProvider as ValidatorFactory-scoped clock provider.
2024-05-05T22:24:12.598+04:00 DEBUG 19808 --- [kground-preinit] .i.e.ValidatorFactoryConfigurationHelper : HV000234: Using org.hibernate.validator.internal.engine.scripting.DefaultScriptEvaluatorFactory as ValidatorFactory-scoped script evaluator factory.
2024-05-05T22:24:12.611+04:00 DEBUG 19808 --- [    Test worker] o.s.c.a.ClassPathBeanDefinitionScanner   : Identified candidate component class: file [C:\Users\nargi\OneDrive\Documents\web2\as1-spring-boot-logging-and-security-nargizh7\build\classes\java\main\az\edu\ada\wm2\springbootsecurityframeworkdemo\controller\BaseController.class]
2024-05-05T22:24:12.612+04:00 DEBUG 19808 --- [    Test worker] o.s.c.a.ClassPathBeanDefinitionScanner   : Identified candidate component class: file [C:\Users\nargi\OneDrive\Documents\web2\as1-spring-boot-logging-and-security-nargizh7\build\classes\java\main\az\edu\ada\wm2\springbootsecurityframeworkdemo\controller\BusinessController.class]
2024-05-05T22:24:12.619+04:00 DEBUG 19808 --- [    Test worker] o.s.c.a.ClassPathBeanDefinitionScanner   : Identified candidate component class: file [C:\Users\nargi\OneDrive\Documents\web2\as1-spring-boot-logging-and-security-nargizh7\build\classes\java\main\az\edu\ada\wm2\springbootsecurityframeworkdemo\controller\MovieController.class]
2024-05-05T22:24:12.621+04:00 DEBUG 19808 --- [    Test worker] o.s.c.a.ClassPathBeanDefinitionScanner   : Identified candidate component class: file [C:\Users\nargi\OneDrive\Documents\web2\as1-spring-boot-logging-and-security-nargizh7\build\classes\java\main\az\edu\ada\wm2\springbootsecurityframeworkdemo\controller\RegistrationController.class]
2024-05-05T22:24:12.623+04:00 DEBUG 19808 --- [    Test worker] o.s.c.a.ClassPathBeanDefinitionScanner   : Identified candidate component class: file [C:\Users\nargi\OneDrive\Documents\web2\as1-spring-boot-logging-and-security-nargizh7\build\classes\java\main\az\edu\ada\wm2\springbootsecurityframeworkdemo\init\DbUsersBootstrapper.class]
2024-05-05T22:24:12.645+04:00 DEBUG 19808 --- [    Test worker] o.s.c.a.ClassPathBeanDefinitionScanner   : Identified candidate component class: file [C:\Users\nargi\OneDrive\Documents\web2\as1-spring-boot-logging-and-security-nargizh7\build\classes\java\main\az\edu\ada\wm2\springbootsecurityframeworkdemo\service\MovieServiceImpl.class]
2024-05-05T22:24:13.812+04:00  INFO 19808 --- [    Test worker] .s.d.r.c.RepositoryConfigurationDelegate : Bootstrapping Spring Data JPA repositories in DEFAULT mode.
2024-05-05T22:24:13.832+04:00 DEBUG 19808 --- [    Test worker] o.s.b.f.s.DefaultListableBeanFactory     : Creating shared instance of singleton bean 'org.springframework.boot.autoconfigure.AutoConfigurationPackages'
2024-05-05T22:24:13.854+04:00 DEBUG 19808 --- [    Test worker] o.s.b.a.AutoConfigurationPackages        : @EnableAutoConfiguration was declared on a class in the package 'az.edu.ada.wm2.springbootsecurityframeworkdemo'. Automatic @Repository and @Entity scanning is enabled.
2024-05-05T22:24:13.858+04:00 DEBUG 19808 --- [    Test worker] .s.d.r.c.RepositoryConfigurationDelegate : Scanning for JPA repositories in packages az.edu.ada.wm2.springbootsecurityframeworkdemo.
2024-05-05T22:24:13.883+04:00 DEBUG 19808 --- [    Test worker] o.s.d.r.c.RepositoryComponentProvider    : Identified candidate component class: file [C:\Users\nargi\OneDrive\Documents\web2\as1-spring-boot-logging-and-security-nargizh7\build\classes\java\main\az\edu\ada\wm2\springbootsecurityframeworkdemo\repo\MovieRepository.class]
2024-05-05T22:24:13.884+04:00 DEBUG 19808 --- [    Test worker] o.s.d.r.c.RepositoryComponentProvider    : Identified candidate component class: file [C:\Users\nargi\OneDrive\Documents\web2\as1-spring-boot-logging-and-security-nargizh7\build\classes\java\main\az\edu\ada\wm2\springbootsecurityframeworkdemo\repo\UserRepository.class]
2024-05-05T22:24:13.942+04:00 DEBUG 19808 --- [    Test worker] ssPathScanningCandidateComponentProvider : Identified candidate component class: file [C:\Users\nargi\OneDrive\Documents\web2\as1-spring-boot-logging-and-security-nargizh7\build\classes\java\main\az\edu\ada\wm2\springbootsecurityframeworkdemo\service\MovieServiceImpl.class]
2024-05-05T22:24:13.974+04:00  INFO 19808 --- [    Test worker] .s.d.r.c.RepositoryConfigurationDelegate : Finished Spring Data repository scanning in 109 ms. Found 2 JPA repository interfaces.
2024-05-05T22:24:14.180+04:00 DEBUG 19808 --- [    Test worker] o.s.b.f.s.DefaultListableBeanFactory     : Creating shared instance of singleton bean 'springSecurityHandlerMappingIntrospectorBeanDefinitionRegistryPostProcessor'
2024-05-05T22:24:14.395+04:00 DEBUG 19808 --- [    Test worker] o.s.b.f.s.DefaultListableBeanFactory     : Creating shared instance of singleton bean 'propertySourcesPlaceholderConfigurer'
2024-05-05T22:24:14.405+04:00 DEBUG 19808 --- [    Test worker] o.s.b.f.s.DefaultListableBeanFactory     : Creating shared instance of singleton bean 'org.springframework.boot.test.mock.mockito.MockitoPostProcessor'
2024-05-05T22:24:14.413+04:00 DEBUG 19808 --- [    Test worker] o.s.b.f.s.DefaultListableBeanFactory     : Creating shared instance of singleton bean 'emBeanDefinitionRegistrarPostProcessor'
2024-05-05T22:24:14.414+04:00 DEBUG 19808 --- [    Test worker] o.s.b.f.s.DefaultListableBeanFactory     : Creating shared instance of singleton bean 'org.springframework.boot.sql.init.dependency.DatabaseInitializationDependencyConfigurer$DependsOnDatabaseInitializationPostProcessor'
2024-05-05T22:24:14.619+04:00 DEBUG 19808 --- [    Test worker] o.s.b.f.s.DefaultListableBeanFactory     : Creating shared instance of singleton bean 'org.springframework.context.event.internalEventListenerProcessor'
2024-05-05T22:24:14.622+04:00 DEBUG 19808 --- [    Test worker] o.s.b.f.s.DefaultListableBeanFactory     : Creating shared instance of singleton bean 'preserveErrorControllerTargetClassPostProcessor'
2024-05-05T22:24:14.623+04:00 DEBUG 19808 --- [    Test worker] o.s.b.f.s.DefaultListableBeanFactory     : Creating shared instance of singleton bean 'conversionServicePostProcessor'
2024-05-05T22:24:14.640+04:00 DEBUG 19808 --- [    Test worker] o.s.b.f.s.DefaultListableBeanFactory     : Creating shared instance of singleton bean 'org.springframework.context.event.internalEventListenerFactory'
2024-05-05T22:24:14.640+04:00 DEBUG 19808 --- [    Test worker] o.s.b.f.s.DefaultListableBeanFactory     : Creating shared instance of singleton bean 'org.springframework.transaction.config.internalTransactionalEventListenerFactory'
2024-05-05T22:24:14.645+04:00 DEBUG 19808 --- [    Test worker] o.s.b.f.s.DefaultListableBeanFactory     : Creating shared instance of singleton bean 'org.springframework.boot.test.mock.mockito.MockitoPostProcessor$SpyPostProcessor'
2024-05-05T22:24:14.646+04:00 DEBUG 19808 --- [    Test worker] o.s.b.f.s.DefaultListableBeanFactory     : Creating shared instance of singleton bean 'org.springframework.context.annotation.internalAutowiredAnnotationProcessor'
2024-05-05T22:24:14.648+04:00 DEBUG 19808 --- [    Test worker] o.s.b.f.s.DefaultListableBeanFactory     : Creating shared instance of singleton bean 'org.springframework.context.annotation.internalCommonAnnotationProcessor'
2024-05-05T22:24:14.652+04:00 DEBUG 19808 --- [    Test worker] o.s.b.f.s.DefaultListableBeanFactory     : Creating shared instance of singleton bean 'org.springframework.context.annotation.internalPersistenceAnnotationProcessor'
2024-05-05T22:24:14.653+04:00 DEBUG 19808 --- [    Test worker] o.s.b.f.s.DefaultListableBeanFactory     : Creating shared instance of singleton bean 'org.springframework.boot.context.properties.ConfigurationPropertiesBindingPostProcessor'
2024-05-05T22:24:14.654+04:00 DEBUG 19808 --- [    Test worker] o.s.b.f.s.DefaultListableBeanFactory     : Creating shared instance of singleton bean 'org.springframework.boot.context.internalConfigurationPropertiesBinder'
2024-05-05T22:24:14.659+04:00 DEBUG 19808 --- [    Test worker] o.s.b.f.s.DefaultListableBeanFactory     : Creating shared instance of singleton bean 'jdbcConnectionDetailsHikariBeanPostProcessor'
2024-05-05T22:24:14.663+04:00 DEBUG 19808 --- [    Test worker] o.s.b.f.s.DefaultListableBeanFactory     : Creating shared instance of singleton bean 'methodValidationPostProcessor'
2024-05-05T22:24:14.686+04:00 DEBUG 19808 --- [    Test worker] o.s.b.f.s.DefaultListableBeanFactory     : Autowiring by type from bean name 'methodValidationPostProcessor' via factory method to bean named 'environment'
2024-05-05T22:24:14.688+04:00 DEBUG 19808 --- [    Test worker] o.s.b.f.s.DefaultListableBeanFactory     : Creating shared instance of singleton bean 'org.springframework.boot.context.properties.EnableConfigurationPropertiesRegistrar.methodValidationExcludeFilter'
2024-05-05T22:24:14.751+04:00 DEBUG 19808 --- [    Test worker] o.s.b.f.s.DefaultListableBeanFactory     : Creating shared instance of singleton bean 'org.springframework.aop.config.internalAutoProxyCreator'
2024-05-05T22:24:14.779+04:00 DEBUG 19808 --- [    Test worker] o.s.b.f.s.DefaultListableBeanFactory     : Creating shared instance of singleton bean 'persistenceExceptionTranslationPostProcessor'
2024-05-05T22:24:14.780+04:00 DEBUG 19808 --- [    Test worker] o.s.b.f.s.DefaultListableBeanFactory     : Autowiring by type from bean name 'persistenceExceptionTranslationPostProcessor' via factory method to bean named 'environment'
2024-05-05T22:24:14.783+04:00 DEBUG 19808 --- [    Test worker] o.s.b.f.s.DefaultListableBeanFactory     : Creating shared instance of singleton bean 'webServerFactoryCustomizerBeanPostProcessor'
2024-05-05T22:24:14.783+04:00 DEBUG 19808 --- [    Test worker] o.s.b.f.s.DefaultListableBeanFactory     : Creating shared instance of singleton bean 'errorPageRegistrarBeanPostProcessor'
2024-05-05T22:24:14.784+04:00 DEBUG 19808 --- [    Test worker] o.s.b.f.s.DefaultListableBeanFactory     : Creating shared instance of singleton bean 'projectingArgumentResolverBeanPostProcessor'
2024-05-05T22:24:14.786+04:00 DEBUG 19808 --- [    Test worker] o.s.b.f.s.DefaultListableBeanFactory     : Creating shared instance of singleton bean 'org.springframework.transaction.config.internalTransactionAdvisor'
2024-05-05T22:24:14.787+04:00 DEBUG 19808 --- [    Test worker] o.s.b.f.s.DefaultListableBeanFactory     : Creating shared instance of singleton bean 'org.springframework.transaction.annotation.ProxyTransactionManagementConfiguration'
2024-05-05T22:24:14.812+04:00 DEBUG 19808 --- [    Test worker] o.s.b.f.s.DefaultListableBeanFactory     : Creating shared instance of singleton bean 'transactionAttributeSource'
2024-05-05T22:24:14.814+04:00 DEBUG 19808 --- [    Test worker] o.s.b.f.s.DefaultListableBeanFactory     : Creating shared instance of singleton bean 'transactionInterceptor'
2024-05-05T22:24:14.816+04:00 DEBUG 19808 --- [    Test worker] o.s.b.f.s.DefaultListableBeanFactory     : Autowiring by type from bean name 'transactionInterceptor' via factory method to bean named 'transactionAttributeSource'
2024-05-05T22:24:14.846+04:00 DEBUG 19808 --- [    Test worker] o.s.b.f.s.DefaultListableBeanFactory     : Autowiring by type from bean name 'org.springframework.transaction.config.internalTransactionAdvisor' via factory method to bean named 'transactionAttributeSource'
2024-05-05T22:24:14.846+04:00 DEBUG 19808 --- [    Test worker] o.s.b.f.s.DefaultListableBeanFactory     : Autowiring by type from bean name 'org.springframework.transaction.config.internalTransactionAdvisor' via factory method to bean named 'transactionInterceptor'
2024-05-05T22:24:14.941+04:00 DEBUG 19808 --- [    Test worker] o.s.u.c.s.UiApplicationContextUtils      : Unable to locate ThemeSource with name 'themeSource': using default [org.springframework.ui.context.support.ResourceBundleThemeSource@6af5b246]
2024-05-05T22:24:14.944+04:00 DEBUG 19808 --- [    Test worker] o.s.b.f.s.DefaultListableBeanFactory     : Creating shared instance of singleton bean 'entityManagerFactory'
2024-05-05T22:24:14.945+04:00 DEBUG 19808 --- [    Test worker] o.s.b.f.s.DefaultListableBeanFactory     : Creating shared instance of singleton bean 'org.springframework.boot.autoconfigure.orm.jpa.HibernateJpaConfiguration'
2024-05-05T22:24:14.948+04:00 DEBUG 19808 --- [    Test worker] o.s.b.f.s.DefaultListableBeanFactory     : Creating shared instance of singleton bean 'dataSource'
2024-05-05T22:24:14.949+04:00 DEBUG 19808 --- [    Test worker] o.s.b.f.s.DefaultListableBeanFactory     : Creating shared instance of singleton bean 'org.springframework.boot.autoconfigure.jdbc.DataSourceConfiguration$Hikari'
2024-05-05T22:24:14.955+04:00 DEBUG 19808 --- [    Test worker] o.s.b.f.s.DefaultListableBeanFactory     : Creating shared instance of singleton bean 'spring.datasource-org.springframework.boot.autoconfigure.jdbc.DataSourceProperties'
2024-05-05T22:24:14.961+04:00 DEBUG 19808 --- [    Test worker] o.s.b.f.s.DefaultListableBeanFactory     : Creating shared instance of singleton bean 'org.springframework.boot.context.properties.BoundConfigurationProperties'
2024-05-05T22:24:15.034+04:00 DEBUG 19808 --- [    Test worker] o.s.b.f.s.DefaultListableBeanFactory     : Creating shared instance of singleton bean 'jdbcConnectionDetails'
2024-05-05T22:24:15.035+04:00 DEBUG 19808 --- [    Test worker] o.s.b.f.s.DefaultListableBeanFactory     : Creating shared instance of singleton bean 'org.springframework.boot.autoconfigure.jdbc.DataSourceAutoConfiguration$PooledDataSourceConfiguration'
2024-05-05T22:24:15.038+04:00 DEBUG 19808 --- [    Test worker] o.s.b.f.s.DefaultListableBeanFactory     : Autowiring by type from bean name 'jdbcConnectionDetails' via factory method to bean named 'spring.datasource-org.springframework.boot.autoconfigure.jdbc.DataSourceProperties'
2024-05-05T22:24:15.041+04:00 DEBUG 19808 --- [    Test worker] o.s.b.f.s.DefaultListableBeanFactory     : Autowiring by type from bean name 'dataSource' via factory method to bean named 'spring.datasource-org.springframework.boot.autoconfigure.jdbc.DataSourceProperties'
2024-05-05T22:24:15.042+04:00 DEBUG 19808 --- [    Test worker] o.s.b.f.s.DefaultListableBeanFactory     : Autowiring by type from bean name 'dataSource' via factory method to bean named 'jdbcConnectionDetails'
2024-05-05T22:24:15.051+04:00 DEBUG 19808 --- [    Test worker] com.zaxxer.hikari.HikariConfig           : Driver class org.h2.Driver found in Thread context class loader jdk.internal.loader.ClassLoaders$AppClassLoader@73d16e93
2024-05-05T22:24:15.099+04:00 DEBUG 19808 --- [    Test worker] o.s.b.f.s.DefaultListableBeanFactory     : Creating shared instance of singleton bean 'spring.jpa-org.springframework.boot.autoconfigure.orm.jpa.JpaProperties'
2024-05-05T22:24:15.110+04:00 DEBUG 19808 --- [    Test worker] o.s.b.f.s.DefaultListableBeanFactory     : Creating shared instance of singleton bean 'spring.jpa.hibernate-org.springframework.boot.autoconfigure.orm.jpa.HibernateProperties'
2024-05-05T22:24:15.116+04:00 DEBUG 19808 --- [    Test worker] o.s.b.f.s.DefaultListableBeanFactory     : Autowiring by type from bean name 'org.springframework.boot.autoconfigure.orm.jpa.HibernateJpaConfiguration' via constructor to bean named 'dataSource'
2024-05-05T22:24:15.117+04:00 DEBUG 19808 --- [    Test worker] o.s.b.f.s.DefaultListableBeanFactory     : Autowiring by type from bean name 'org.springframework.boot.autoconfigure.orm.jpa.HibernateJpaConfiguration' via constructor to bean named 'spring.jpa-org.springframework.boot.autoconfigure.orm.jpa.JpaProperties'
2024-05-05T22:24:15.117+04:00 DEBUG 19808 --- [    Test worker] o.s.b.f.s.DefaultListableBeanFactory     : Autowiring by type from bean name 'org.springframework.boot.autoconfigure.orm.jpa.HibernateJpaConfiguration' via constructor to bean named 'org.springframework.beans.factory.support.DefaultListableBeanFactory@205b132e'
2024-05-05T22:24:15.117+04:00 DEBUG 19808 --- [    Test worker] o.s.b.f.s.DefaultListableBeanFactory     : Autowiring by type from bean name 'org.springframework.boot.autoconfigure.orm.jpa.HibernateJpaConfiguration' via constructor to bean named 'spring.jpa.hibernate-org.springframework.boot.autoconfigure.orm.jpa.HibernateProperties'
2024-05-05T22:24:15.121+04:00 DEBUG 19808 --- [    Test worker] o.s.b.f.s.DefaultListableBeanFactory     : Creating shared instance of singleton bean 'hikariPoolDataSourceMetadataProvider'
2024-05-05T22:24:15.122+04:00 DEBUG 19808 --- [    Test worker] o.s.b.f.s.DefaultListableBeanFactory     : Creating shared instance of singleton bean 'org.springframework.boot.autoconfigure.jdbc.metadata.DataSourcePoolMetadataProvidersConfiguration$HikariPoolDataSourceMetadataProviderConfiguration'
2024-05-05T22:24:15.133+04:00 DEBUG 19808 --- [    Test worker] o.s.b.f.s.DefaultListableBeanFactory     : Creating shared instance of singleton bean 'entityManagerFactoryBuilder'
2024-05-05T22:24:15.136+04:00 DEBUG 19808 --- [    Test worker] o.s.b.f.s.DefaultListableBeanFactory     : Creating shared instance of singleton bean 'jpaVendorAdapter'
2024-05-05T22:24:15.180+04:00 DEBUG 19808 --- [    Test worker] o.s.b.f.s.DefaultListableBeanFactory     : Autowiring by type from bean name 'entityManagerFactoryBuilder' via factory method to bean named 'jpaVendorAdapter'
2024-05-05T22:24:15.193+04:00 DEBUG 19808 --- [    Test worker] o.s.b.f.s.DefaultListableBeanFactory     : Creating shared instance of singleton bean 'persistenceManagedTypes'
2024-05-05T22:24:15.195+04:00 DEBUG 19808 --- [    Test worker] o.s.b.f.s.DefaultListableBeanFactory     : Autowiring by type from bean name 'persistenceManagedTypes' via factory method to bean named 'org.springframework.beans.factory.support.DefaultListableBeanFactory@205b132e'
2024-05-05T22:24:15.195+04:00 DEBUG 19808 --- [    Test worker] o.s.b.f.s.DefaultListableBeanFactory     : Autowiring by type from bean name 'persistenceManagedTypes' via factory method to bean named 'org.springframework.web.context.support.GenericWebApplicationContext@21fff664'
2024-05-05T22:24:15.215+04:00 DEBUG 19808 --- [    Test worker] o.s.b.f.s.DefaultListableBeanFactory     : Autowiring by type from bean name 'entityManagerFactory' via factory method to bean named 'entityManagerFactoryBuilder'
2024-05-05T22:24:15.216+04:00 DEBUG 19808 --- [    Test worker] o.s.b.f.s.DefaultListableBeanFactory     : Autowiring by type from bean name 'entityManagerFactory' via factory method to bean named 'persistenceManagedTypes'
2024-05-05T22:24:15.287+04:00 DEBUG 19808 --- [    Test worker] j.LocalContainerEntityManagerFactoryBean : Building JPA container EntityManagerFactory for persistence unit 'default'
2024-05-05T22:24:15.334+04:00 DEBUG 19808 --- [    Test worker] o.hibernate.jpa.internal.util.LogHelper  : PersistenceUnitInfo [
	name: default
	persistence provider classname: null
	classloader: jdk.internal.loader.ClassLoaders$AppClassLoader@73d16e93
	excludeUnlistedClasses: true
	JTA datasource: null
	Non JTA datasource: HikariDataSource (null)
	Transaction type: RESOURCE_LOCAL
	PU root URL: file:/C:/Users/nargi/OneDrive/Documents/web2/as1-spring-boot-logging-and-security-nargizh7/build/classes/java/test/
	Shared Cache Mode: UNSPECIFIED
	Validation Mode: AUTO
	Jar files URLs []
	Managed classes names [
		az.edu.ada.wm2.springbootsecurityframeworkdemo.model.entity.Movie
		az.edu.ada.wm2.springbootsecurityframeworkdemo.model.entity.User]
	Mapping files names []
	Properties []
2024-05-05T22:24:15.381+04:00 DEBUG 19808 --- [    Test worker] o.h.i.internal.IntegratorServiceImpl     : Adding Integrator [org.hibernate.boot.beanvalidation.BeanValidationIntegrator].
2024-05-05T22:24:15.388+04:00 DEBUG 19808 --- [    Test worker] o.h.i.internal.IntegratorServiceImpl     : Adding Integrator [org.hibernate.cache.internal.CollectionCacheInvalidator].
2024-05-05T22:24:15.497+04:00  INFO 19808 --- [    Test worker] org.hibernate.Version                    : HHH000412: Hibernate ORM core version 6.4.4.Final
2024-05-05T22:24:15.500+04:00 DEBUG 19808 --- [    Test worker] org.hibernate.cfg.Environment            : HHH000206: 'hibernate.properties' not found
2024-05-05T22:24:15.587+04:00 DEBUG 19808 --- [    Test worker] org.hibernate.orm.idgen.factory          : Registering IdentifierGenerator strategy [uuid2] -> [org.hibernate.id.UUIDGenerator]
2024-05-05T22:24:15.589+04:00 DEBUG 19808 --- [    Test worker] org.hibernate.orm.idgen.factory          : Registering IdentifierGenerator strategy [guid] -> [org.hibernate.id.GUIDGenerator]
2024-05-05T22:24:15.591+04:00 DEBUG 19808 --- [    Test worker] org.hibernate.orm.idgen.factory          : Registering IdentifierGenerator strategy [uuid] -> [org.hibernate.id.UUIDHexGenerator]
2024-05-05T22:24:15.593+04:00 DEBUG 19808 --- [    Test worker] org.hibernate.orm.idgen.factory          : Registering IdentifierGenerator strategy [uuid.hex] -> [org.hibernate.id.UUIDHexGenerator]
2024-05-05T22:24:15.594+04:00 DEBUG 19808 --- [    Test worker] org.hibernate.orm.idgen.factory          : Registering IdentifierGenerator strategy [assigned] -> [org.hibernate.id.Assigned]
2024-05-05T22:24:15.598+04:00 DEBUG 19808 --- [    Test worker] org.hibernate.orm.idgen.factory          : Registering IdentifierGenerator strategy [identity] -> [org.hibernate.id.IdentityGenerator]
2024-05-05T22:24:15.600+04:00 DEBUG 19808 --- [    Test worker] org.hibernate.orm.idgen.factory          : Registering IdentifierGenerator strategy [select] -> [org.hibernate.id.SelectGenerator]
2024-05-05T22:24:15.604+04:00 DEBUG 19808 --- [    Test worker] org.hibernate.orm.idgen.factory          : Registering IdentifierGenerator strategy [sequence] -> [org.hibernate.id.enhanced.SequenceStyleGenerator]
2024-05-05T22:24:15.606+04:00 DEBUG 19808 --- [    Test worker] org.hibernate.orm.idgen.factory          : Registering IdentifierGenerator strategy [increment] -> [org.hibernate.id.IncrementGenerator]
2024-05-05T22:24:15.607+04:00 DEBUG 19808 --- [    Test worker] org.hibernate.orm.idgen.factory          : Registering IdentifierGenerator strategy [foreign] -> [org.hibernate.id.ForeignGenerator]
2024-05-05T22:24:15.608+04:00 DEBUG 19808 --- [    Test worker] org.hibernate.orm.idgen.factory          : Registering IdentifierGenerator strategy [enhanced-sequence] -> [org.hibernate.id.enhanced.SequenceStyleGenerator]
2024-05-05T22:24:15.610+04:00 DEBUG 19808 --- [    Test worker] org.hibernate.orm.idgen.factory          : Registering IdentifierGenerator strategy [enhanced-table] -> [org.hibernate.id.enhanced.TableGenerator]
2024-05-05T22:24:15.639+04:00 DEBUG 19808 --- [    Test worker] o.h.c.internal.RegionFactoryInitiator    : Cannot default RegionFactory based on registered strategies as `[]` RegionFactory strategies were registered
2024-05-05T22:24:15.641+04:00  INFO 19808 --- [    Test worker] o.h.c.internal.RegionFactoryInitiator    : HHH000026: Second-level cache disabled
2024-05-05T22:24:15.846+04:00 DEBUG 19808 --- [    Test worker] org.hibernate.type.BasicTypeRegistry     : Adding type registration boolean -> org.hibernate.type.BasicTypeReference@9a9aa68
2024-05-05T22:24:15.846+04:00 DEBUG 19808 --- [    Test worker] org.hibernate.type.BasicTypeRegistry     : Adding type registration boolean -> org.hibernate.type.BasicTypeReference@9a9aa68
2024-05-05T22:24:15.846+04:00 DEBUG 19808 --- [    Test worker] org.hibernate.type.BasicTypeRegistry     : Adding type registration java.lang.Boolean -> org.hibernate.type.BasicTypeReference@9a9aa68
2024-05-05T22:24:15.846+04:00 DEBUG 19808 --- [    Test worker] org.hibernate.type.BasicTypeRegistry     : Adding type registration numeric_boolean -> org.hibernate.type.BasicTypeReference@3a3883c4
2024-05-05T22:24:15.847+04:00 DEBUG 19808 --- [    Test worker] org.hibernate.type.BasicTypeRegistry     : Adding type registration org.hibernate.type.NumericBooleanConverter -> org.hibernate.type.BasicTypeReference@3a3883c4
2024-05-05T22:24:15.847+04:00 DEBUG 19808 --- [    Test worker] org.hibernate.type.BasicTypeRegistry     : Adding type registration true_false -> org.hibernate.type.BasicTypeReference@1537e43
2024-05-05T22:24:15.848+04:00 DEBUG 19808 --- [    Test worker] org.hibernate.type.BasicTypeRegistry     : Adding type registration org.hibernate.type.TrueFalseConverter -> org.hibernate.type.BasicTypeReference@1537e43
2024-05-05T22:24:15.848+04:00 DEBUG 19808 --- [    Test worker] org.hibernate.type.BasicTypeRegistry     : Adding type registration yes_no -> org.hibernate.type.BasicTypeReference@573aeab2
2024-05-05T22:24:15.848+04:00 DEBUG 19808 --- [    Test worker] org.hibernate.type.BasicTypeRegistry     : Adding type registration org.hibernate.type.YesNoConverter -> org.hibernate.type.BasicTypeReference@573aeab2
2024-05-05T22:24:15.849+04:00 DEBUG 19808 --- [    Test worker] org.hibernate.type.BasicTypeRegistry     : Adding type registration byte -> org.hibernate.type.BasicTypeReference@1304e0d7
2024-05-05T22:24:15.849+04:00 DEBUG 19808 --- [    Test worker] org.hibernate.type.BasicTypeRegistry     : Adding type registration byte -> org.hibernate.type.BasicTypeReference@1304e0d7
2024-05-05T22:24:15.850+04:00 DEBUG 19808 --- [    Test worker] org.hibernate.type.BasicTypeRegistry     : Adding type registration java.lang.Byte -> org.hibernate.type.BasicTypeReference@1304e0d7
2024-05-05T22:24:15.850+04:00 DEBUG 19808 --- [    Test worker] org.hibernate.type.BasicTypeRegistry     : Adding type registration binary -> org.hibernate.type.BasicTypeReference@6ddc67d0
2024-05-05T22:24:15.850+04:00 DEBUG 19808 --- [    Test worker] org.hibernate.type.BasicTypeRegistry     : Adding type registration byte[] -> org.hibernate.type.BasicTypeReference@6ddc67d0
2024-05-05T22:24:15.851+04:00 DEBUG 19808 --- [    Test worker] org.hibernate.type.BasicTypeRegistry     : Adding type registration [B -> org.hibernate.type.BasicTypeReference@6ddc67d0
2024-05-05T22:24:15.851+04:00 DEBUG 19808 --- [    Test worker] org.hibernate.type.BasicTypeRegistry     : Adding type registration binary_wrapper -> org.hibernate.type.BasicTypeReference@7767bd4e
2024-05-05T22:24:15.851+04:00 DEBUG 19808 --- [    Test worker] org.hibernate.type.BasicTypeRegistry     : Adding type registration wrapper-binary -> org.hibernate.type.BasicTypeReference@7767bd4e
2024-05-05T22:24:15.851+04:00 DEBUG 19808 --- [    Test worker] org.hibernate.type.BasicTypeRegistry     : Adding type registration image -> org.hibernate.type.BasicTypeReference@7708b66a
2024-05-05T22:24:15.851+04:00 DEBUG 19808 --- [    Test worker] org.hibernate.type.BasicTypeRegistry     : Adding type registration blob -> org.hibernate.type.BasicTypeReference@433ef204
2024-05-05T22:24:15.851+04:00 DEBUG 19808 --- [    Test worker] org.hibernate.type.BasicTypeRegistry     : Adding type registration java.sql.Blob -> org.hibernate.type.BasicTypeReference@433ef204
2024-05-05T22:24:15.851+04:00 DEBUG 19808 --- [    Test worker] org.hibernate.type.BasicTypeRegistry     : Adding type registration materialized_blob -> org.hibernate.type.BasicTypeReference@4dd2ef54
2024-05-05T22:24:15.851+04:00 DEBUG 19808 --- [    Test worker] org.hibernate.type.BasicTypeRegistry     : Adding type registration materialized_blob_wrapper -> org.hibernate.type.BasicTypeReference@795b66d
2024-05-05T22:24:15.852+04:00 DEBUG 19808 --- [    Test worker] org.hibernate.type.BasicTypeRegistry     : Adding type registration short -> org.hibernate.type.BasicTypeReference@359ceb13
2024-05-05T22:24:15.852+04:00 DEBUG 19808 --- [    Test worker] org.hibernate.type.BasicTypeRegistry     : Adding type registration short -> org.hibernate.type.BasicTypeReference@359ceb13
2024-05-05T22:24:15.852+04:00 DEBUG 19808 --- [    Test worker] org.hibernate.type.BasicTypeRegistry     : Adding type registration java.lang.Short -> org.hibernate.type.BasicTypeReference@359ceb13
2024-05-05T22:24:15.852+04:00 DEBUG 19808 --- [    Test worker] org.hibernate.type.BasicTypeRegistry     : Adding type registration integer -> org.hibernate.type.BasicTypeReference@1068176
2024-05-05T22:24:15.852+04:00 DEBUG 19808 --- [    Test worker] org.hibernate.type.BasicTypeRegistry     : Adding type registration int -> org.hibernate.type.BasicTypeReference@1068176
2024-05-05T22:24:15.852+04:00 DEBUG 19808 --- [    Test worker] org.hibernate.type.BasicTypeRegistry     : Adding type registration java.lang.Integer -> org.hibernate.type.BasicTypeReference@1068176
2024-05-05T22:24:15.852+04:00 DEBUG 19808 --- [    Test worker] org.hibernate.type.BasicTypeRegistry     : Adding type registration long -> org.hibernate.type.BasicTypeReference@5bf4764d
2024-05-05T22:24:15.853+04:00 DEBUG 19808 --- [    Test worker] org.hibernate.type.BasicTypeRegistry     : Adding type registration long -> org.hibernate.type.BasicTypeReference@5bf4764d
2024-05-05T22:24:15.853+04:00 DEBUG 19808 --- [    Test worker] org.hibernate.type.BasicTypeRegistry     : Adding type registration java.lang.Long -> org.hibernate.type.BasicTypeReference@5bf4764d
2024-05-05T22:24:15.853+04:00 DEBUG 19808 --- [    Test worker] org.hibernate.type.BasicTypeRegistry     : Adding type registration float -> org.hibernate.type.BasicTypeReference@71789580
2024-05-05T22:24:15.853+04:00 DEBUG 19808 --- [    Test worker] org.hibernate.type.BasicTypeRegistry     : Adding type registration float -> org.hibernate.type.BasicTypeReference@71789580
2024-05-05T22:24:15.853+04:00 DEBUG 19808 --- [    Test worker] org.hibernate.type.BasicTypeRegistry     : Adding type registration java.lang.Float -> org.hibernate.type.BasicTypeReference@71789580
2024-05-05T22:24:15.853+04:00 DEBUG 19808 --- [    Test worker] org.hibernate.type.BasicTypeRegistry     : Adding type registration double -> org.hibernate.type.BasicTypeReference@23ee2ccf
2024-05-05T22:24:15.853+04:00 DEBUG 19808 --- [    Test worker] org.hibernate.type.BasicTypeRegistry     : Adding type registration double -> org.hibernate.type.BasicTypeReference@23ee2ccf
2024-05-05T22:24:15.853+04:00 DEBUG 19808 --- [    Test worker] org.hibernate.type.BasicTypeRegistry     : Adding type registration java.lang.Double -> org.hibernate.type.BasicTypeReference@23ee2ccf
2024-05-05T22:24:15.854+04:00 DEBUG 19808 --- [    Test worker] org.hibernate.type.BasicTypeRegistry     : Adding type registration big_integer -> org.hibernate.type.BasicTypeReference@165614f5
2024-05-05T22:24:15.854+04:00 DEBUG 19808 --- [    Test worker] org.hibernate.type.BasicTypeRegistry     : Adding type registration java.math.BigInteger -> org.hibernate.type.BasicTypeReference@165614f5
2024-05-05T22:24:15.855+04:00 DEBUG 19808 --- [    Test worker] org.hibernate.type.BasicTypeRegistry     : Adding type registration big_decimal -> org.hibernate.type.BasicTypeReference@6e685e6c
2024-05-05T22:24:15.855+04:00 DEBUG 19808 --- [    Test worker] org.hibernate.type.BasicTypeRegistry     : Adding type registration java.math.BigDecimal -> org.hibernate.type.BasicTypeReference@6e685e6c
2024-05-05T22:24:15.856+04:00 DEBUG 19808 --- [    Test worker] org.hibernate.type.BasicTypeRegistry     : Adding type registration character -> org.hibernate.type.BasicTypeReference@5b0902b4
2024-05-05T22:24:15.856+04:00 DEBUG 19808 --- [    Test worker] org.hibernate.type.BasicTypeRegistry     : Adding type registration char -> org.hibernate.type.BasicTypeReference@5b0902b4
2024-05-05T22:24:15.856+04:00 DEBUG 19808 --- [    Test worker] org.hibernate.type.BasicTypeRegistry     : Adding type registration java.lang.Character -> org.hibernate.type.BasicTypeReference@5b0902b4
2024-05-05T22:24:15.856+04:00 DEBUG 19808 --- [    Test worker] org.hibernate.type.BasicTypeRegistry     : Adding type registration character_nchar -> org.hibernate.type.BasicTypeReference@9d3d54e
2024-05-05T22:24:15.856+04:00 DEBUG 19808 --- [    Test worker] org.hibernate.type.BasicTypeRegistry     : Adding type registration string -> org.hibernate.type.BasicTypeReference@2f04993d
2024-05-05T22:24:15.856+04:00 DEBUG 19808 --- [    Test worker] org.hibernate.type.BasicTypeRegistry     : Adding type registration java.lang.String -> org.hibernate.type.BasicTypeReference@2f04993d
2024-05-05T22:24:15.856+04:00 DEBUG 19808 --- [    Test worker] org.hibernate.type.BasicTypeRegistry     : Adding type registration nstring -> org.hibernate.type.BasicTypeReference@333398f
2024-05-05T22:24:15.856+04:00 DEBUG 19808 --- [    Test worker] org.hibernate.type.BasicTypeRegistry     : Adding type registration characters -> org.hibernate.type.BasicTypeReference@103c97ff
2024-05-05T22:24:15.856+04:00 DEBUG 19808 --- [    Test worker] org.hibernate.type.BasicTypeRegistry     : Adding type registration char[] -> org.hibernate.type.BasicTypeReference@103c97ff
2024-05-05T22:24:15.857+04:00 DEBUG 19808 --- [    Test worker] org.hibernate.type.BasicTypeRegistry     : Adding type registration [C -> org.hibernate.type.BasicTypeReference@103c97ff
2024-05-05T22:24:15.857+04:00 DEBUG 19808 --- [    Test worker] org.hibernate.type.BasicTypeRegistry     : Adding type registration wrapper-characters -> org.hibernate.type.BasicTypeReference@7d25913
2024-05-05T22:24:15.857+04:00 DEBUG 19808 --- [    Test worker] org.hibernate.type.BasicTypeRegistry     : Adding type registration text -> org.hibernate.type.BasicTypeReference@c14e5a5
2024-05-05T22:24:15.857+04:00 DEBUG 19808 --- [    Test worker] org.hibernate.type.BasicTypeRegistry     : Adding type registration ntext -> org.hibernate.type.BasicTypeReference@16f15ae9
2024-05-05T22:24:15.857+04:00 DEBUG 19808 --- [    Test worker] org.hibernate.type.BasicTypeRegistry     : Adding type registration clob -> org.hibernate.type.BasicTypeReference@6206b4a7
2024-05-05T22:24:15.858+04:00 DEBUG 19808 --- [    Test worker] org.hibernate.type.BasicTypeRegistry     : Adding type registration java.sql.Clob -> org.hibernate.type.BasicTypeReference@6206b4a7
2024-05-05T22:24:15.859+04:00 DEBUG 19808 --- [    Test worker] org.hibernate.type.BasicTypeRegistry     : Adding type registration nclob -> org.hibernate.type.BasicTypeReference@77896335
2024-05-05T22:24:15.859+04:00 DEBUG 19808 --- [    Test worker] org.hibernate.type.BasicTypeRegistry     : Adding type registration java.sql.NClob -> org.hibernate.type.BasicTypeReference@77896335
2024-05-05T22:24:15.859+04:00 DEBUG 19808 --- [    Test worker] org.hibernate.type.BasicTypeRegistry     : Adding type registration materialized_clob -> org.hibernate.type.BasicTypeReference@5c1b89ac
2024-05-05T22:24:15.860+04:00 DEBUG 19808 --- [    Test worker] org.hibernate.type.BasicTypeRegistry     : Adding type registration materialized_clob_char_array -> org.hibernate.type.BasicTypeReference@40a1b6d4
2024-05-05T22:24:15.860+04:00 DEBUG 19808 --- [    Test worker] org.hibernate.type.BasicTypeRegistry     : Adding type registration materialized_clob_character_array -> org.hibernate.type.BasicTypeReference@175581eb
2024-05-05T22:24:15.860+04:00 DEBUG 19808 --- [    Test worker] org.hibernate.type.BasicTypeRegistry     : Adding type registration materialized_nclob -> org.hibernate.type.BasicTypeReference@2b79c8ff
2024-05-05T22:24:15.860+04:00 DEBUG 19808 --- [    Test worker] org.hibernate.type.BasicTypeRegistry     : Adding type registration materialized_nclob_character_array -> org.hibernate.type.BasicTypeReference@2baf72d5
2024-05-05T22:24:15.860+04:00 DEBUG 19808 --- [    Test worker] org.hibernate.type.BasicTypeRegistry     : Adding type registration materialized_nclob_char_array -> org.hibernate.type.BasicTypeReference@66756662
2024-05-05T22:24:15.860+04:00 DEBUG 19808 --- [    Test worker] org.hibernate.type.BasicTypeRegistry     : Adding type registration Duration -> org.hibernate.type.BasicTypeReference@5d14e99e
2024-05-05T22:24:15.860+04:00 DEBUG 19808 --- [    Test worker] org.hibernate.type.BasicTypeRegistry     : Adding type registration java.time.Duration -> org.hibernate.type.BasicTypeReference@5d14e99e
2024-05-05T22:24:15.861+04:00 DEBUG 19808 --- [    Test worker] org.hibernate.type.BasicTypeRegistry     : Adding type registration LocalDateTime -> org.hibernate.type.BasicTypeReference@38cfecf3
2024-05-05T22:24:15.861+04:00 DEBUG 19808 --- [    Test worker] org.hibernate.type.BasicTypeRegistry     : Adding type registration java.time.LocalDateTime -> org.hibernate.type.BasicTypeReference@38cfecf3
2024-05-05T22:24:15.861+04:00 DEBUG 19808 --- [    Test worker] org.hibernate.type.BasicTypeRegistry     : Adding type registration LocalDate -> org.hibernate.type.BasicTypeReference@682618e5
2024-05-05T22:24:15.861+04:00 DEBUG 19808 --- [    Test worker] org.hibernate.type.BasicTypeRegistry     : Adding type registration java.time.LocalDate -> org.hibernate.type.BasicTypeReference@682618e5
2024-05-05T22:24:15.861+04:00 DEBUG 19808 --- [    Test worker] org.hibernate.type.BasicTypeRegistry     : Adding type registration LocalTime -> org.hibernate.type.BasicTypeReference@25ad25f5
2024-05-05T22:24:15.861+04:00 DEBUG 19808 --- [    Test worker] org.hibernate.type.BasicTypeRegistry     : Adding type registration java.time.LocalTime -> org.hibernate.type.BasicTypeReference@25ad25f5
2024-05-05T22:24:15.861+04:00 DEBUG 19808 --- [    Test worker] org.hibernate.type.BasicTypeRegistry     : Adding type registration OffsetDateTime -> org.hibernate.type.BasicTypeReference@5f0f70c7
2024-05-05T22:24:15.862+04:00 DEBUG 19808 --- [    Test worker] org.hibernate.type.BasicTypeRegistry     : Adding type registration java.time.OffsetDateTime -> org.hibernate.type.BasicTypeReference@5f0f70c7
2024-05-05T22:24:15.862+04:00 DEBUG 19808 --- [    Test worker] org.hibernate.type.BasicTypeRegistry     : Adding type registration OffsetDateTimeWithTimezone -> org.hibernate.type.BasicTypeReference@1860a7a1
2024-05-05T22:24:15.862+04:00 DEBUG 19808 --- [    Test worker] org.hibernate.type.BasicTypeRegistry     : Adding type registration OffsetDateTimeWithoutTimezone -> org.hibernate.type.BasicTypeReference@40d96578
2024-05-05T22:24:15.862+04:00 DEBUG 19808 --- [    Test worker] org.hibernate.type.BasicTypeRegistry     : Adding type registration OffsetTime -> org.hibernate.type.BasicTypeReference@c97721b
2024-05-05T22:24:15.862+04:00 DEBUG 19808 --- [    Test worker] org.hibernate.type.BasicTypeRegistry     : Adding type registration java.time.OffsetTime -> org.hibernate.type.BasicTypeReference@c97721b
2024-05-05T22:24:15.862+04:00 DEBUG 19808 --- [    Test worker] org.hibernate.type.BasicTypeRegistry     : Adding type registration OffsetTimeUtc -> org.hibernate.type.BasicTypeReference@283ab206
2024-05-05T22:24:15.862+04:00 DEBUG 19808 --- [    Test worker] org.hibernate.type.BasicTypeRegistry     : Adding type registration OffsetTimeWithTimezone -> org.hibernate.type.BasicTypeReference@35fa450f
2024-05-05T22:24:15.862+04:00 DEBUG 19808 --- [    Test worker] org.hibernate.type.BasicTypeRegistry     : Adding type registration OffsetTimeWithoutTimezone -> org.hibernate.type.BasicTypeReference@3e03046d
2024-05-05T22:24:15.862+04:00 DEBUG 19808 --- [    Test worker] org.hibernate.type.BasicTypeRegistry     : Adding type registration ZonedDateTime -> org.hibernate.type.BasicTypeReference@9b3be1c
2024-05-05T22:24:15.862+04:00 DEBUG 19808 --- [    Test worker] org.hibernate.type.BasicTypeRegistry     : Adding type registration java.time.ZonedDateTime -> org.hibernate.type.BasicTypeReference@9b3be1c
2024-05-05T22:24:15.862+04:00 DEBUG 19808 --- [    Test worker] org.hibernate.type.BasicTypeRegistry     : Adding type registration ZonedDateTimeWithTimezone -> org.hibernate.type.BasicTypeReference@74e497ae
2024-05-05T22:24:15.863+04:00 DEBUG 19808 --- [    Test worker] org.hibernate.type.BasicTypeRegistry     : Adding type registration ZonedDateTimeWithoutTimezone -> org.hibernate.type.BasicTypeReference@13516600
2024-05-05T22:24:15.863+04:00 DEBUG 19808 --- [    Test worker] org.hibernate.type.BasicTypeRegistry     : Adding type registration date -> org.hibernate.type.BasicTypeReference@35d7386b
2024-05-05T22:24:15.863+04:00 DEBUG 19808 --- [    Test worker] org.hibernate.type.BasicTypeRegistry     : Adding type registration java.sql.Date -> org.hibernate.type.BasicTypeReference@35d7386b
2024-05-05T22:24:15.863+04:00 DEBUG 19808 --- [    Test worker] org.hibernate.type.BasicTypeRegistry     : Adding type registration time -> org.hibernate.type.BasicTypeReference@21002393
2024-05-05T22:24:15.863+04:00 DEBUG 19808 --- [    Test worker] org.hibernate.type.BasicTypeRegistry     : Adding type registration java.sql.Time -> org.hibernate.type.BasicTypeReference@21002393
2024-05-05T22:24:15.863+04:00 DEBUG 19808 --- [    Test worker] org.hibernate.type.BasicTypeRegistry     : Adding type registration timestamp -> org.hibernate.type.BasicTypeReference@718989fa
2024-05-05T22:24:15.863+04:00 DEBUG 19808 --- [    Test worker] org.hibernate.type.BasicTypeRegistry     : Adding type registration java.sql.Timestamp -> org.hibernate.type.BasicTypeReference@718989fa
2024-05-05T22:24:15.863+04:00 DEBUG 19808 --- [    Test worker] org.hibernate.type.BasicTypeRegistry     : Adding type registration java.util.Date -> org.hibernate.type.BasicTypeReference@718989fa
2024-05-05T22:24:15.863+04:00 DEBUG 19808 --- [    Test worker] org.hibernate.type.BasicTypeRegistry     : Adding type registration calendar -> org.hibernate.type.BasicTypeReference@69f080ad
2024-05-05T22:24:15.863+04:00 DEBUG 19808 --- [    Test worker] org.hibernate.type.BasicTypeRegistry     : Adding type registration java.util.Calendar -> org.hibernate.type.BasicTypeReference@69f080ad
2024-05-05T22:24:15.863+04:00 DEBUG 19808 --- [    Test worker] org.hibernate.type.BasicTypeRegistry     : Adding type registration java.util.GregorianCalendar -> org.hibernate.type.BasicTypeReference@69f080ad
2024-05-05T22:24:15.863+04:00 DEBUG 19808 --- [    Test worker] org.hibernate.type.BasicTypeRegistry     : Adding type registration calendar_date -> org.hibernate.type.BasicTypeReference@6568f998
2024-05-05T22:24:15.864+04:00 DEBUG 19808 --- [    Test worker] org.hibernate.type.BasicTypeRegistry     : Adding type registration calendar_time -> org.hibernate.type.BasicTypeReference@45d4421d
2024-05-05T22:24:15.864+04:00 DEBUG 19808 --- [    Test worker] org.hibernate.type.BasicTypeRegistry     : Adding type registration instant -> org.hibernate.type.BasicTypeReference@782fd504
2024-05-05T22:24:15.864+04:00 DEBUG 19808 --- [    Test worker] org.hibernate.type.BasicTypeRegistry     : Adding type registration java.time.Instant -> org.hibernate.type.BasicTypeReference@782fd504
2024-05-05T22:24:15.864+04:00 DEBUG 19808 --- [    Test worker] org.hibernate.type.BasicTypeRegistry     : Adding type registration uuid -> org.hibernate.type.BasicTypeReference@1537c744
2024-05-05T22:24:15.864+04:00 DEBUG 19808 --- [    Test worker] org.hibernate.type.BasicTypeRegistry     : Adding type registration java.util.UUID -> org.hibernate.type.BasicTypeReference@1537c744
2024-05-05T22:24:15.865+04:00 DEBUG 19808 --- [    Test worker] org.hibernate.type.BasicTypeRegistry     : Adding type registration pg-uuid -> org.hibernate.type.BasicTypeReference@1537c744
2024-05-05T22:24:15.865+04:00 DEBUG 19808 --- [    Test worker] org.hibernate.type.BasicTypeRegistry     : Adding type registration uuid-binary -> org.hibernate.type.BasicTypeReference@37314843
2024-05-05T22:24:15.865+04:00 DEBUG 19808 --- [    Test worker] org.hibernate.type.BasicTypeRegistry     : Adding type registration uuid-char -> org.hibernate.type.BasicTypeReference@50122012
2024-05-05T22:24:15.865+04:00 DEBUG 19808 --- [    Test worker] org.hibernate.type.BasicTypeRegistry     : Adding type registration class -> org.hibernate.type.BasicTypeReference@569348e1
2024-05-05T22:24:15.865+04:00 DEBUG 19808 --- [    Test worker] org.hibernate.type.BasicTypeRegistry     : Adding type registration java.lang.Class -> org.hibernate.type.BasicTypeReference@569348e1
2024-05-05T22:24:15.865+04:00 DEBUG 19808 --- [    Test worker] org.hibernate.type.BasicTypeRegistry     : Adding type registration currency -> org.hibernate.type.BasicTypeReference@7db5b890
2024-05-05T22:24:15.865+04:00 DEBUG 19808 --- [    Test worker] org.hibernate.type.BasicTypeRegistry     : Adding type registration Currency -> org.hibernate.type.BasicTypeReference@7db5b890
2024-05-05T22:24:15.865+04:00 DEBUG 19808 --- [    Test worker] org.hibernate.type.BasicTypeRegistry     : Adding type registration java.util.Currency -> org.hibernate.type.BasicTypeReference@7db5b890
2024-05-05T22:24:15.865+04:00 DEBUG 19808 --- [    Test worker] org.hibernate.type.BasicTypeRegistry     : Adding type registration locale -> org.hibernate.type.BasicTypeReference@407b8435
2024-05-05T22:24:15.865+04:00 DEBUG 19808 --- [    Test worker] org.hibernate.type.BasicTypeRegistry     : Adding type registration java.util.Locale -> org.hibernate.type.BasicTypeReference@407b8435
2024-05-05T22:24:15.865+04:00 DEBUG 19808 --- [    Test worker] org.hibernate.type.BasicTypeRegistry     : Adding type registration serializable -> org.hibernate.type.BasicTypeReference@1282e98
2024-05-05T22:24:15.865+04:00 DEBUG 19808 --- [    Test worker] org.hibernate.type.BasicTypeRegistry     : Adding type registration java.io.Serializable -> org.hibernate.type.BasicTypeReference@1282e98
2024-05-05T22:24:15.866+04:00 DEBUG 19808 --- [    Test worker] org.hibernate.type.BasicTypeRegistry     : Adding type registration timezone -> org.hibernate.type.BasicTypeReference@4db0ba1c
2024-05-05T22:24:15.866+04:00 DEBUG 19808 --- [    Test worker] org.hibernate.type.BasicTypeRegistry     : Adding type registration java.util.TimeZone -> org.hibernate.type.BasicTypeReference@4db0ba1c
2024-05-05T22:24:15.866+04:00 DEBUG 19808 --- [    Test worker] org.hibernate.type.BasicTypeRegistry     : Adding type registration ZoneOffset -> org.hibernate.type.BasicTypeReference@1d91fa02
2024-05-05T22:24:15.866+04:00 DEBUG 19808 --- [    Test worker] org.hibernate.type.BasicTypeRegistry     : Adding type registration java.time.ZoneOffset -> org.hibernate.type.BasicTypeReference@1d91fa02
2024-05-05T22:24:15.866+04:00 DEBUG 19808 --- [    Test worker] org.hibernate.type.BasicTypeRegistry     : Adding type registration url -> org.hibernate.type.BasicTypeReference@1578fa9
2024-05-05T22:24:15.866+04:00 DEBUG 19808 --- [    Test worker] org.hibernate.type.BasicTypeRegistry     : Adding type registration java.net.URL -> org.hibernate.type.BasicTypeReference@1578fa9
2024-05-05T22:24:15.866+04:00 DEBUG 19808 --- [    Test worker] org.hibernate.type.BasicTypeRegistry     : Adding type registration vector -> org.hibernate.type.BasicTypeReference@414b2df5
2024-05-05T22:24:15.866+04:00 DEBUG 19808 --- [    Test worker] org.hibernate.type.BasicTypeRegistry     : Adding type registration row_version -> org.hibernate.type.BasicTypeReference@9e30f9a
2024-05-05T22:24:15.884+04:00 DEBUG 19808 --- [    Test worker] org.hibernate.type.BasicTypeRegistry     : Adding type registration object -> org.hibernate.type.JavaObjectType@120df990
2024-05-05T22:24:15.885+04:00 DEBUG 19808 --- [    Test worker] org.hibernate.type.BasicTypeRegistry     : Adding type registration java.lang.Object -> org.hibernate.type.JavaObjectType@120df990
2024-05-05T22:24:15.889+04:00 DEBUG 19808 --- [    Test worker] org.hibernate.type.BasicTypeRegistry     : Adding type registration null -> org.hibernate.type.NullType@6f96dd64
2024-05-05T22:24:15.890+04:00 DEBUG 19808 --- [    Test worker] org.hibernate.type.BasicTypeRegistry     : Adding type registration imm_date -> org.hibernate.type.BasicTypeReference@4d7cac24
2024-05-05T22:24:15.890+04:00 DEBUG 19808 --- [    Test worker] org.hibernate.type.BasicTypeRegistry     : Adding type registration imm_time -> org.hibernate.type.BasicTypeReference@409732fb
2024-05-05T22:24:15.890+04:00 DEBUG 19808 --- [    Test worker] org.hibernate.type.BasicTypeRegistry     : Adding type registration imm_timestamp -> org.hibernate.type.BasicTypeReference@73d62b5
2024-05-05T22:24:15.891+04:00 DEBUG 19808 --- [    Test worker] org.hibernate.type.BasicTypeRegistry     : Adding type registration imm_calendar -> org.hibernate.type.BasicTypeReference@5e99e2cb
2024-05-05T22:24:15.891+04:00 DEBUG 19808 --- [    Test worker] org.hibernate.type.BasicTypeRegistry     : Adding type registration imm_calendar_date -> org.hibernate.type.BasicTypeReference@76ac68b0
2024-05-05T22:24:15.891+04:00 DEBUG 19808 --- [    Test worker] org.hibernate.type.BasicTypeRegistry     : Adding type registration imm_calendar_time -> org.hibernate.type.BasicTypeReference@f559c74
2024-05-05T22:24:15.892+04:00 DEBUG 19808 --- [    Test worker] org.hibernate.type.BasicTypeRegistry     : Adding type registration imm_binary -> org.hibernate.type.BasicTypeReference@63917fe1
2024-05-05T22:24:15.892+04:00 DEBUG 19808 --- [    Test worker] org.hibernate.type.BasicTypeRegistry     : Adding type registration imm_serializable -> org.hibernate.type.BasicTypeReference@720f56e2
2024-05-05T22:24:15.907+04:00 DEBUG 19808 --- [    Test worker] o.h.boot.internal.BootstrapContextImpl   : Injecting JPA temp ClassLoader [org.springframework.instrument.classloading.SimpleThrowawayClassLoader@61a87366] into BootstrapContext; was [null]
2024-05-05T22:24:15.907+04:00 DEBUG 19808 --- [    Test worker] o.h.boot.internal.ClassLoaderAccessImpl  : ClassLoaderAccessImpl#injectTempClassLoader(org.springframework.instrument.classloading.SimpleThrowawayClassLoader@61a87366) [was null]
2024-05-05T22:24:15.910+04:00 DEBUG 19808 --- [    Test worker] o.h.boot.internal.BootstrapContextImpl   : Injecting ScanEnvironment [org.hibernate.jpa.boot.internal.StandardJpaScanEnvironmentImpl@70091872] into BootstrapContext; was [null]
2024-05-05T22:24:15.910+04:00 DEBUG 19808 --- [    Test worker] o.h.boot.internal.BootstrapContextImpl   : Injecting ScanOptions [org.hibernate.boot.archive.scan.internal.StandardScanOptions@105db94d] into BootstrapContext; was [org.hibernate.boot.archive.scan.internal.StandardScanOptions@1d99ee1b]
2024-05-05T22:24:16.306+04:00  INFO 19808 --- [    Test worker] o.s.o.j.p.SpringPersistenceUnitInfo      : No LoadTimeWeaver setup: ignoring JPA class transformer
2024-05-05T22:24:16.307+04:00 DEBUG 19808 --- [    Test worker] o.h.boot.internal.BootstrapContextImpl   : Injecting JPA temp ClassLoader [null] into BootstrapContext; was [org.springframework.instrument.classloading.SimpleThrowawayClassLoader@61a87366]
2024-05-05T22:24:16.307+04:00 DEBUG 19808 --- [    Test worker] o.h.boot.internal.ClassLoaderAccessImpl  : ClassLoaderAccessImpl#injectTempClassLoader(null) [was org.springframework.instrument.classloading.SimpleThrowawayClassLoader@61a87366]
2024-05-05T22:24:16.346+04:00 DEBUG 19808 --- [    Test worker] com.zaxxer.hikari.HikariConfig           : HikariPool-1 - configuration:
2024-05-05T22:24:16.352+04:00 DEBUG 19808 --- [    Test worker] com.zaxxer.hikari.HikariConfig           : allowPoolSuspension.............false
2024-05-05T22:24:16.352+04:00 DEBUG 19808 --- [    Test worker] com.zaxxer.hikari.HikariConfig           : autoCommit......................true
2024-05-05T22:24:16.352+04:00 DEBUG 19808 --- [    Test worker] com.zaxxer.hikari.HikariConfig           : catalog.........................none
2024-05-05T22:24:16.352+04:00 DEBUG 19808 --- [    Test worker] com.zaxxer.hikari.HikariConfig           : connectionInitSql...............none
2024-05-05T22:24:16.353+04:00 DEBUG 19808 --- [    Test worker] com.zaxxer.hikari.HikariConfig           : connectionTestQuery.............none
2024-05-05T22:24:16.353+04:00 DEBUG 19808 --- [    Test worker] com.zaxxer.hikari.HikariConfig           : connectionTimeout...............30000
2024-05-05T22:24:16.353+04:00 DEBUG 19808 --- [    Test worker] com.zaxxer.hikari.HikariConfig           : dataSource......................none
2024-05-05T22:24:16.353+04:00 DEBUG 19808 --- [    Test worker] com.zaxxer.hikari.HikariConfig           : dataSourceClassName.............none
2024-05-05T22:24:16.353+04:00 DEBUG 19808 --- [    Test worker] com.zaxxer.hikari.HikariConfig           : dataSourceJNDI..................none
2024-05-05T22:24:16.353+04:00 DEBUG 19808 --- [    Test worker] com.zaxxer.hikari.HikariConfig           : dataSourceProperties............{password=<masked>}
2024-05-05T22:24:16.354+04:00 DEBUG 19808 --- [    Test worker] com.zaxxer.hikari.HikariConfig           : driverClassName................."org.h2.Driver"
2024-05-05T22:24:16.354+04:00 DEBUG 19808 --- [    Test worker] com.zaxxer.hikari.HikariConfig           : exceptionOverrideClassName......none
2024-05-05T22:24:16.354+04:00 DEBUG 19808 --- [    Test worker] com.zaxxer.hikari.HikariConfig           : healthCheckProperties...........{}
2024-05-05T22:24:16.354+04:00 DEBUG 19808 --- [    Test worker] com.zaxxer.hikari.HikariConfig           : healthCheckRegistry.............none
2024-05-05T22:24:16.354+04:00 DEBUG 19808 --- [    Test worker] com.zaxxer.hikari.HikariConfig           : idleTimeout.....................600000
2024-05-05T22:24:16.355+04:00 DEBUG 19808 --- [    Test worker] com.zaxxer.hikari.HikariConfig           : initializationFailTimeout.......1
2024-05-05T22:24:16.355+04:00 DEBUG 19808 --- [    Test worker] com.zaxxer.hikari.HikariConfig           : isolateInternalQueries..........false
2024-05-05T22:24:16.355+04:00 DEBUG 19808 --- [    Test worker] com.zaxxer.hikari.HikariConfig           : jdbcUrl.........................jdbc:h2:mem:umsDB;DB_CLOSE_DELAY=-1
2024-05-05T22:24:16.355+04:00 DEBUG 19808 --- [    Test worker] com.zaxxer.hikari.HikariConfig           : keepaliveTime...................0
2024-05-05T22:24:16.355+04:00 DEBUG 19808 --- [    Test worker] com.zaxxer.hikari.HikariConfig           : leakDetectionThreshold..........0
2024-05-05T22:24:16.356+04:00 DEBUG 19808 --- [    Test worker] com.zaxxer.hikari.HikariConfig           : maxLifetime.....................1800000
2024-05-05T22:24:16.356+04:00 DEBUG 19808 --- [    Test worker] com.zaxxer.hikari.HikariConfig           : maximumPoolSize.................10
2024-05-05T22:24:16.356+04:00 DEBUG 19808 --- [    Test worker] com.zaxxer.hikari.HikariConfig           : metricRegistry..................none
2024-05-05T22:24:16.356+04:00 DEBUG 19808 --- [    Test worker] com.zaxxer.hikari.HikariConfig           : metricsTrackerFactory...........none
2024-05-05T22:24:16.356+04:00 DEBUG 19808 --- [    Test worker] com.zaxxer.hikari.HikariConfig           : minimumIdle.....................10
2024-05-05T22:24:16.356+04:00 DEBUG 19808 --- [    Test worker] com.zaxxer.hikari.HikariConfig           : password........................<masked>
2024-05-05T22:24:16.356+04:00 DEBUG 19808 --- [    Test worker] com.zaxxer.hikari.HikariConfig           : poolName........................"HikariPool-1"
2024-05-05T22:24:16.357+04:00 DEBUG 19808 --- [    Test worker] com.zaxxer.hikari.HikariConfig           : readOnly........................false
2024-05-05T22:24:16.357+04:00 DEBUG 19808 --- [    Test worker] com.zaxxer.hikari.HikariConfig           : registerMbeans..................false
2024-05-05T22:24:16.357+04:00 DEBUG 19808 --- [    Test worker] com.zaxxer.hikari.HikariConfig           : scheduledExecutor...............none
2024-05-05T22:24:16.357+04:00 DEBUG 19808 --- [    Test worker] com.zaxxer.hikari.HikariConfig           : schema..........................none
2024-05-05T22:24:16.357+04:00 DEBUG 19808 --- [    Test worker] com.zaxxer.hikari.HikariConfig           : threadFactory...................internal
2024-05-05T22:24:16.357+04:00 DEBUG 19808 --- [    Test worker] com.zaxxer.hikari.HikariConfig           : transactionIsolation............default
2024-05-05T22:24:16.357+04:00 DEBUG 19808 --- [    Test worker] com.zaxxer.hikari.HikariConfig           : username........................"sa"
2024-05-05T22:24:16.357+04:00 DEBUG 19808 --- [    Test worker] com.zaxxer.hikari.HikariConfig           : validationTimeout...............5000
2024-05-05T22:24:16.358+04:00  INFO 19808 --- [    Test worker] com.zaxxer.hikari.HikariDataSource       : HikariPool-1 - Starting...
2024-05-05T22:24:16.808+04:00  INFO 19808 --- [    Test worker] com.zaxxer.hikari.pool.HikariPool        : HikariPool-1 - Added connection conn0: url=jdbc:h2:mem:umsDB user=SA
2024-05-05T22:24:16.821+04:00  INFO 19808 --- [    Test worker] com.zaxxer.hikari.HikariDataSource       : HikariPool-1 - Start completed.
2024-05-05T22:24:16.849+04:00 DEBUG 19808 --- [    Test worker] o.h.e.j.e.i.JdbcEnvironmentInitiator     : Database ->
       name : H2
    version : 2.2.224 (2023-09-17)
      major : 2
      minor : 2
2024-05-05T22:24:16.850+04:00 DEBUG 19808 --- [    Test worker] o.h.e.j.e.i.JdbcEnvironmentInitiator     : Driver ->
       name : H2 JDBC Driver
    version : 2.2.224 (2023-09-17)
      major : 2
      minor : 2
2024-05-05T22:24:16.851+04:00 DEBUG 19808 --- [    Test worker] o.h.e.j.e.i.JdbcEnvironmentInitiator     : JDBC version : 4.2
2024-05-05T22:24:16.932+04:00 DEBUG 19808 --- [l-1 housekeeper] com.zaxxer.hikari.pool.HikariPool        : HikariPool-1 - Pool stats (total=1, active=1, idle=0, waiting=0)
2024-05-05T22:24:16.937+04:00 DEBUG 19808 --- [onnection adder] com.zaxxer.hikari.pool.HikariPool        : HikariPool-1 - Added connection conn1: url=jdbc:h2:mem:umsDB user=SA
2024-05-05T22:24:16.952+04:00 DEBUG 19808 --- [onnection adder] com.zaxxer.hikari.pool.HikariPool        : HikariPool-1 - Added connection conn2: url=jdbc:h2:mem:umsDB user=SA
2024-05-05T22:24:16.979+04:00 DEBUG 19808 --- [onnection adder] com.zaxxer.hikari.pool.HikariPool        : HikariPool-1 - Added connection conn3: url=jdbc:h2:mem:umsDB user=SA
2024-05-05T22:24:16.984+04:00 DEBUG 19808 --- [    Test worker] org.hibernate.orm.dialect                : HHH035001: Using dialect: org.hibernate.dialect.H2Dialect, version: 2.2.224
2024-05-05T22:24:16.997+04:00 DEBUG 19808 --- [onnection adder] com.zaxxer.hikari.pool.HikariPool        : HikariPool-1 - Added connection conn4: url=jdbc:h2:mem:umsDB user=SA
2024-05-05T22:24:17.007+04:00 DEBUG 19808 --- [    Test worker] o.h.e.j.env.spi.IdentifierHelperBuilder  : JDBC driver metadata reported database stores quoted identifiers in neither upper, lower nor mixed case
2024-05-05T22:24:17.013+04:00 DEBUG 19808 --- [onnection adder] com.zaxxer.hikari.pool.HikariPool        : HikariPool-1 - Added connection conn5: url=jdbc:h2:mem:umsDB user=SA
2024-05-05T22:24:17.026+04:00 DEBUG 19808 --- [onnection adder] com.zaxxer.hikari.pool.HikariPool        : HikariPool-1 - Added connection conn6: url=jdbc:h2:mem:umsDB user=SA
2024-05-05T22:24:17.042+04:00 DEBUG 19808 --- [onnection adder] com.zaxxer.hikari.pool.HikariPool        : HikariPool-1 - Added connection conn7: url=jdbc:h2:mem:umsDB user=SA
2024-05-05T22:24:17.058+04:00 DEBUG 19808 --- [onnection adder] com.zaxxer.hikari.pool.HikariPool        : HikariPool-1 - Added connection conn8: url=jdbc:h2:mem:umsDB user=SA
2024-05-05T22:24:17.059+04:00 DEBUG 19808 --- [    Test worker] o.h.t.d.jdbc.spi.JdbcTypeRegistry        : addDescriptor(NCharTypeDescriptor) replaced previous registration(CharTypeDescriptor)
2024-05-05T22:24:17.059+04:00 DEBUG 19808 --- [    Test worker] o.h.t.d.jdbc.spi.JdbcTypeRegistry        : addDescriptor(NVarcharTypeDescriptor) replaced previous registration(VarcharTypeDescriptor)
2024-05-05T22:24:17.060+04:00 DEBUG 19808 --- [    Test worker] o.h.t.d.jdbc.spi.JdbcTypeRegistry        : addDescriptor(LongNVarcharTypeDescriptor) replaced previous registration(LongVarcharTypeDescriptor)
2024-05-05T22:24:17.062+04:00 DEBUG 19808 --- [    Test worker] o.h.t.d.jdbc.spi.JdbcTypeRegistry        : addDescriptor(NClobTypeDescriptor(DEFAULT)) replaced previous registration(ClobTypeDescriptor(DEFAULT))
2024-05-05T22:24:17.062+04:00 DEBUG 19808 --- [    Test worker] o.h.t.d.jdbc.spi.JdbcTypeRegistry        : addDescriptor(2005, ClobTypeDescriptor(STREAM_BINDING)) replaced previous registration(ClobTypeDescriptor(DEFAULT))
2024-05-05T22:24:17.065+04:00 DEBUG 19808 --- [    Test worker] o.h.t.d.jdbc.spi.JdbcTypeRegistry        : addDescriptor(TimestampUtcDescriptor) replaced previous registration(TimestampUtcDescriptor)
2024-05-05T22:24:17.074+04:00 DEBUG 19808 --- [onnection adder] com.zaxxer.hikari.pool.HikariPool        : HikariPool-1 - Added connection conn9: url=jdbc:h2:mem:umsDB user=SA
2024-05-05T22:24:17.078+04:00 DEBUG 19808 --- [    Test worker] org.hibernate.type.BasicTypeRegistry     : Adding type registration org.hibernate.type.DurationType -> basicType@1(java.time.Duration,3015)
2024-05-05T22:24:17.078+04:00 DEBUG 19808 --- [    Test worker] org.hibernate.type.BasicTypeRegistry     : Adding type registration Duration -> basicType@1(java.time.Duration,3015)
2024-05-05T22:24:17.079+04:00 DEBUG 19808 --- [    Test worker] org.hibernate.type.BasicTypeRegistry     : Adding type registration java.time.Duration -> basicType@1(java.time.Duration,3015)
2024-05-05T22:24:17.086+04:00 DEBUG 19808 --- [    Test worker] o.h.type.spi.TypeConfiguration$Scope     : Scoping TypeConfiguration [org.hibernate.type.spi.TypeConfiguration@58bad46f] to MetadataBuildingContext [org.hibernate.boot.internal.MetadataBuildingContextRootImpl@7c0e4e4e]
2024-05-05T22:24:17.087+04:00 DEBUG 19808 --- [onnection adder] com.zaxxer.hikari.pool.HikariPool        : HikariPool-1 - After adding stats (total=10, active=0, idle=10, waiting=0)
2024-05-05T22:24:17.143+04:00 DEBUG 19808 --- [    Test worker] o.h.boot.model.relational.Namespace      : Created database namespace [logicalName=Name{catalog=null, schema=null}, physicalName=Name{catalog=null, schema=null}]
2024-05-05T22:24:17.198+04:00 DEBUG 19808 --- [    Test worker] o.h.boot.model.internal.EntityBinder     : Binding entity from annotated class: az.edu.ada.wm2.springbootsecurityframeworkdemo.model.entity.Movie
2024-05-05T22:24:17.211+04:00 DEBUG 19808 --- [    Test worker] o.h.boot.model.internal.EntityBinder     : Import with entity name Movie
2024-05-05T22:24:17.220+04:00 DEBUG 19808 --- [    Test worker] o.h.boot.model.internal.EntityBinder     : Bind entity az.edu.ada.wm2.springbootsecurityframeworkdemo.model.entity.Movie on table movies
2024-05-05T22:24:17.241+04:00 DEBUG 19808 --- [    Test worker] o.h.boot.model.internal.AnnotatedColumn  : Binding column: AnnotatedDiscriminatorColumn(column='DTYPE')
2024-05-05T22:24:17.263+04:00 DEBUG 19808 --- [    Test worker] o.h.boot.model.internal.AnnotatedColumn  : Binding column: AnnotatedColumn()
2024-05-05T22:24:17.264+04:00 DEBUG 19808 --- [    Test worker] o.h.boot.internal.ClassLoaderAccessImpl  : Not known whether passed class name [az.edu.ada.wm2.springbootsecurityframeworkdemo.model.entity.Movie] is safe
2024-05-05T22:24:17.265+04:00 DEBUG 19808 --- [    Test worker] o.h.boot.internal.ClassLoaderAccessImpl  : No temp ClassLoader provided; using live ClassLoader for loading potentially unsafe class : az.edu.ada.wm2.springbootsecurityframeworkdemo.model.entity.Movie
2024-05-05T22:24:17.269+04:00 DEBUG 19808 --- [    Test worker] o.h.boot.model.internal.PropertyBinder   : MetadataSourceProcessor property id with lazy=false
2024-05-05T22:24:17.280+04:00 DEBUG 19808 --- [    Test worker] o.h.b.m.internal.AbstractPropertyHolder  : Attempting to locate auto-apply AttributeConverter for property [az.edu.ada.wm2.springbootsecurityframeworkdemo.model.entity.Movie:id]
2024-05-05T22:24:17.288+04:00 DEBUG 19808 --- [    Test worker] o.h.b.model.internal.BasicValueBinder    : building BasicValue for id
2024-05-05T22:24:17.292+04:00 DEBUG 19808 --- [    Test worker] org.hibernate.mapping.BasicValue         : Skipping column re-registration: movies.id
2024-05-05T22:24:17.293+04:00 DEBUG 19808 --- [    Test worker] o.h.boot.model.internal.PropertyBinder   : Building property id
2024-05-05T22:24:17.298+04:00 DEBUG 19808 --- [    Test worker] o.h.boot.model.internal.BinderHelper     : #makeIdGenerator(BasicValue([Column(id)]), id, identity, , ...)
2024-05-05T22:24:17.299+04:00 DEBUG 19808 --- [    Test worker] o.h.boot.model.internal.AnnotatedColumn  : Binding column: AnnotatedColumn()
2024-05-05T22:24:17.300+04:00 DEBUG 19808 --- [    Test worker] o.h.boot.model.internal.PropertyBinder   : MetadataSourceProcessor property country with lazy=false
2024-05-05T22:24:17.300+04:00 DEBUG 19808 --- [    Test worker] o.h.b.m.internal.AbstractPropertyHolder  : Attempting to locate auto-apply AttributeConverter for property [az.edu.ada.wm2.springbootsecurityframeworkdemo.model.entity.Movie:country]
2024-05-05T22:24:17.300+04:00 DEBUG 19808 --- [    Test worker] o.h.b.model.internal.BasicValueBinder    : building BasicValue for country
2024-05-05T22:24:17.300+04:00 DEBUG 19808 --- [    Test worker] org.hibernate.mapping.BasicValue         : Skipping column re-registration: movies.country
2024-05-05T22:24:17.300+04:00 DEBUG 19808 --- [    Test worker] o.h.boot.model.internal.PropertyBinder   : Building property country
2024-05-05T22:24:17.301+04:00 DEBUG 19808 --- [    Test worker] o.h.boot.model.internal.AnnotatedColumn  : Binding column: AnnotatedColumn()
2024-05-05T22:24:17.301+04:00 DEBUG 19808 --- [    Test worker] o.h.boot.model.internal.PropertyBinder   : MetadataSourceProcessor property name with lazy=false
2024-05-05T22:24:17.301+04:00 DEBUG 19808 --- [    Test worker] o.h.b.m.internal.AbstractPropertyHolder  : Attempting to locate auto-apply AttributeConverter for property [az.edu.ada.wm2.springbootsecurityframeworkdemo.model.entity.Movie:name]
2024-05-05T22:24:17.301+04:00 DEBUG 19808 --- [    Test worker] o.h.b.model.internal.BasicValueBinder    : building BasicValue for name
2024-05-05T22:24:17.301+04:00 DEBUG 19808 --- [    Test worker] org.hibernate.mapping.BasicValue         : Skipping column re-registration: movies.name
2024-05-05T22:24:17.301+04:00 DEBUG 19808 --- [    Test worker] o.h.boot.model.internal.PropertyBinder   : Building property name
2024-05-05T22:24:17.301+04:00 DEBUG 19808 --- [    Test worker] o.h.boot.model.internal.AnnotatedColumn  : Binding column: AnnotatedColumn()
2024-05-05T22:24:17.301+04:00 DEBUG 19808 --- [    Test worker] o.h.boot.model.internal.PropertyBinder   : MetadataSourceProcessor property wins with lazy=false
2024-05-05T22:24:17.302+04:00 DEBUG 19808 --- [    Test worker] o.h.b.m.internal.AbstractPropertyHolder  : Attempting to locate auto-apply AttributeConverter for property [az.edu.ada.wm2.springbootsecurityframeworkdemo.model.entity.Movie:wins]
2024-05-05T22:24:17.302+04:00 DEBUG 19808 --- [    Test worker] o.h.b.model.internal.BasicValueBinder    : building BasicValue for wins
2024-05-05T22:24:17.302+04:00 DEBUG 19808 --- [    Test worker] org.hibernate.mapping.BasicValue         : Skipping column re-registration: movies.wins
2024-05-05T22:24:17.302+04:00 DEBUG 19808 --- [    Test worker] o.h.boot.model.internal.PropertyBinder   : Building property wins
2024-05-05T22:24:17.305+04:00 DEBUG 19808 --- [    Test worker] o.h.b.r.c.i.ClassLoaderServiceImpl       : HHH000194: Package not found or wo package-info.java: az.edu.ada.wm2.springbootsecurityframeworkdemo.model.entity
2024-05-05T22:24:17.313+04:00 DEBUG 19808 --- [    Test worker] o.h.boot.model.internal.EntityBinder     : Binding entity from annotated class: az.edu.ada.wm2.springbootsecurityframeworkdemo.model.entity.User
2024-05-05T22:24:17.314+04:00 DEBUG 19808 --- [    Test worker] o.h.boot.model.internal.EntityBinder     : Import with entity name User
2024-05-05T22:24:17.314+04:00 DEBUG 19808 --- [    Test worker] o.h.boot.model.internal.EntityBinder     : Bind entity az.edu.ada.wm2.springbootsecurityframeworkdemo.model.entity.User on table users
2024-05-05T22:24:17.315+04:00 DEBUG 19808 --- [    Test worker] o.h.boot.model.internal.AnnotatedColumn  : Binding column: AnnotatedDiscriminatorColumn(column='DTYPE')
2024-05-05T22:24:17.320+04:00 DEBUG 19808 --- [    Test worker] o.h.boot.model.internal.AnnotatedColumn  : Binding column: AnnotatedColumn()
2024-05-05T22:24:17.320+04:00 DEBUG 19808 --- [    Test worker] o.h.boot.internal.ClassLoaderAccessImpl  : Not known whether passed class name [az.edu.ada.wm2.springbootsecurityframeworkdemo.model.entity.User] is safe
2024-05-05T22:24:17.320+04:00 DEBUG 19808 --- [    Test worker] o.h.boot.internal.ClassLoaderAccessImpl  : No temp ClassLoader provided; using live ClassLoader for loading potentially unsafe class : az.edu.ada.wm2.springbootsecurityframeworkdemo.model.entity.User
2024-05-05T22:24:17.320+04:00 DEBUG 19808 --- [    Test worker] o.h.boot.model.internal.PropertyBinder   : MetadataSourceProcessor property id with lazy=false
2024-05-05T22:24:17.320+04:00 DEBUG 19808 --- [    Test worker] o.h.b.m.internal.AbstractPropertyHolder  : Attempting to locate auto-apply AttributeConverter for property [az.edu.ada.wm2.springbootsecurityframeworkdemo.model.entity.User:id]
2024-05-05T22:24:17.320+04:00 DEBUG 19808 --- [    Test worker] o.h.b.model.internal.BasicValueBinder    : building BasicValue for id
2024-05-05T22:24:17.320+04:00 DEBUG 19808 --- [    Test worker] org.hibernate.mapping.BasicValue         : Skipping column re-registration: users.id
2024-05-05T22:24:17.320+04:00 DEBUG 19808 --- [    Test worker] o.h.boot.model.internal.PropertyBinder   : Building property id
2024-05-05T22:24:17.321+04:00 DEBUG 19808 --- [    Test worker] o.h.boot.model.internal.BinderHelper     : #makeIdGenerator(BasicValue([Column(id)]), id, identity, , ...)
2024-05-05T22:24:17.321+04:00 DEBUG 19808 --- [    Test worker] o.h.boot.model.internal.AnnotatedColumn  : Binding column: AnnotatedColumn()
2024-05-05T22:24:17.322+04:00 DEBUG 19808 --- [    Test worker] o.h.boot.model.internal.PropertyBinder   : MetadataSourceProcessor property email with lazy=false
2024-05-05T22:24:17.322+04:00 DEBUG 19808 --- [    Test worker] o.h.b.m.internal.AbstractPropertyHolder  : Attempting to locate auto-apply AttributeConverter for property [az.edu.ada.wm2.springbootsecurityframeworkdemo.model.entity.User:email]
2024-05-05T22:24:17.322+04:00 DEBUG 19808 --- [    Test worker] o.h.b.model.internal.BasicValueBinder    : building BasicValue for email
2024-05-05T22:24:17.322+04:00 DEBUG 19808 --- [    Test worker] org.hibernate.mapping.BasicValue         : Skipping column re-registration: users.email
2024-05-05T22:24:17.322+04:00 DEBUG 19808 --- [    Test worker] o.h.boot.model.internal.PropertyBinder   : Building property email
2024-05-05T22:24:17.322+04:00 DEBUG 19808 --- [    Test worker] o.h.boot.model.internal.AnnotatedColumn  : Binding column: AnnotatedColumn()
2024-05-05T22:24:17.323+04:00 DEBUG 19808 --- [    Test worker] o.h.boot.model.internal.PropertyBinder   : MetadataSourceProcessor property password with lazy=false
2024-05-05T22:24:17.323+04:00 DEBUG 19808 --- [    Test worker] o.h.b.m.internal.AbstractPropertyHolder  : Attempting to locate auto-apply AttributeConverter for property [az.edu.ada.wm2.springbootsecurityframeworkdemo.model.entity.User:password]
2024-05-05T22:24:17.323+04:00 DEBUG 19808 --- [    Test worker] o.h.b.model.internal.BasicValueBinder    : building BasicValue for password
2024-05-05T22:24:17.323+04:00 DEBUG 19808 --- [    Test worker] org.hibernate.mapping.BasicValue         : Skipping column re-registration: users.password
2024-05-05T22:24:17.323+04:00 DEBUG 19808 --- [    Test worker] o.h.boot.model.internal.PropertyBinder   : Building property password
2024-05-05T22:24:17.324+04:00 DEBUG 19808 --- [    Test worker] o.h.boot.model.internal.AnnotatedColumn  : Binding column: AnnotatedColumn()
2024-05-05T22:24:17.324+04:00 DEBUG 19808 --- [    Test worker] o.h.boot.model.internal.PropertyBinder   : MetadataSourceProcessor property roles with lazy=false
2024-05-05T22:24:17.324+04:00 DEBUG 19808 --- [    Test worker] o.h.b.m.internal.AbstractPropertyHolder  : Attempting to locate auto-apply AttributeConverter for property [az.edu.ada.wm2.springbootsecurityframeworkdemo.model.entity.User:roles]
2024-05-05T22:24:17.324+04:00 DEBUG 19808 --- [    Test worker] o.h.b.model.internal.BasicValueBinder    : building BasicValue for roles
2024-05-05T22:24:17.325+04:00 DEBUG 19808 --- [    Test worker] org.hibernate.mapping.BasicValue         : Skipping column re-registration: users.roles
2024-05-05T22:24:17.325+04:00 DEBUG 19808 --- [    Test worker] o.h.boot.model.internal.PropertyBinder   : Building property roles
2024-05-05T22:24:17.325+04:00 DEBUG 19808 --- [    Test worker] o.h.boot.model.internal.AnnotatedColumn  : Binding column: AnnotatedColumn()
2024-05-05T22:24:17.326+04:00 DEBUG 19808 --- [    Test worker] o.h.boot.model.internal.PropertyBinder   : MetadataSourceProcessor property username with lazy=false
2024-05-05T22:24:17.326+04:00 DEBUG 19808 --- [    Test worker] o.h.b.m.internal.AbstractPropertyHolder  : Attempting to locate auto-apply AttributeConverter for property [az.edu.ada.wm2.springbootsecurityframeworkdemo.model.entity.User:username]
2024-05-05T22:24:17.326+04:00 DEBUG 19808 --- [    Test worker] o.h.b.model.internal.BasicValueBinder    : building BasicValue for username
2024-05-05T22:24:17.326+04:00 DEBUG 19808 --- [    Test worker] org.hibernate.mapping.BasicValue         : Skipping column re-registration: users.username
2024-05-05T22:24:17.327+04:00 DEBUG 19808 --- [    Test worker] o.h.boot.model.internal.PropertyBinder   : Building property username
2024-05-05T22:24:17.328+04:00 DEBUG 19808 --- [    Test worker] o.h.b.r.c.i.ClassLoaderServiceImpl       : HHH000194: Package not found or wo package-info.java: az.edu.ada.wm2.springbootsecurityframeworkdemo.model.entity
[...]
2024-05-05T22:24:22.751+04:00 DEBUG 19808 --- [    Test worker] org.hibernate.orm.sql.ast.create         : Created new SQL alias : u1_0
2024-05-05T22:24:22.752+04:00 DEBUG 19808 --- [    Test worker] org.hibernate.orm.sql.ast.create         : Registration of TableGroup [StandardTableGroup(az.edu.ada.wm2.springbootsecurityframeworkdemo.model.entity.User(193750738831600))] with identifierForTableGroup [az.edu.ada.wm2.springbootsecurityframeworkdemo.model.entity.User] for NavigablePath [az.edu.ada.wm2.springbootsecurityframeworkdemo.model.entity.User] 
2024-05-05T22:24:22.769+04:00 DEBUG 19808 --- [    Test worker] o.h.q.sqm.sql.BaseSqmToSqlAstConverter   : Determining mapping-model type for SqmParameter : org.hibernate.query.sqm.tree.expression.SqmJpaCriteriaParameterWrapper@4d0d97bb
2024-05-05T22:24:22.769+04:00 DEBUG 19808 --- [    Test worker] o.h.q.sqm.sql.BaseSqmToSqlAstConverter   : Determining mapping-model type for SqmPath : SqmBasicValuedSimplePath(az.edu.ada.wm2.springbootsecurityframeworkdemo.model.entity.User(193750738831600).username) 
2024-05-05T22:24:22.777+04:00 DEBUG 19808 --- [    Test worker] org.hibernate.orm.results.graph.AST      : DomainResult Graph:
 \-EntityResultImpl [az.edu.ada.wm2.springbootsecurityframeworkdemo.model.entity.User(193750738831600)]
 |  +-BasicFetch [az.edu.ada.wm2.springbootsecurityframeworkdemo.model.entity.User(193750738831600).email]
 |  +-BasicFetch [az.edu.ada.wm2.springbootsecurityframeworkdemo.model.entity.User(193750738831600).password]
 |  +-BasicFetch [az.edu.ada.wm2.springbootsecurityframeworkdemo.model.entity.User(193750738831600).roles]
 |  \-BasicFetch [az.edu.ada.wm2.springbootsecurityframeworkdemo.model.entity.User(193750738831600).username]

2024-05-05T22:24:22.777+04:00 DEBUG 19808 --- [    Test worker] org.hibernate.orm.sql.ast.tree           : SQL AST Tree:
    SelectStatement {
      FromClause {
        StandardTableGroup (u1 : az.edu.ada.wm2.springbootsecurityframeworkdemo.model.entity.User(193750738831600)) {
          primaryTableReference : users as u1_0
        }
      }
    }

2024-05-05T22:24:22.794+04:00 DEBUG 19808 --- [    Test worker] org.hibernate.orm.sql.exec               : Skipping reading Query result cache data: cache-enabled = false, cache-mode = NORMAL
2024-05-05T22:24:22.825+04:00 DEBUG 19808 --- [    Test worker] org.hibernate.orm.results                : Initializer list:
	  az.edu.ada.wm2.springbootsecurityframeworkdemo.model.entity.User(193750738831600) -> EntityResultInitializer(az.edu.ada.wm2.springbootsecurityframeworkdemo.model.entity.User(193750738831600))@305137011 (SingleTableEntityPersister(az.edu.ada.wm2.springbootsecurityframeworkdemo.model.entity.User))

2024-05-05T22:24:22.833+04:00 DEBUG 19808 --- [    Test worker] org.hibernate.SQL                        : 
    select
        u1_0.id,
        u1_0.email,
        u1_0.password,
        u1_0.roles,
        u1_0.username 
    from
        users u1_0 
    where
        u1_0.username=?
Hibernate: 
    select
        u1_0.id,
        u1_0.email,
        u1_0.password,
        u1_0.roles,
        u1_0.username 
    from
        users u1_0 
    where
        u1_0.username=?
2024-05-05T22:24:23.016+04:00 DEBUG 19808 --- [    Test worker] o.s.orm.jpa.JpaTransactionManager        : Creating new transaction with name [org.springframework.data.jpa.repository.support.SimpleJpaRepository.save]: PROPAGATION_REQUIRED,ISOLATION_DEFAULT
2024-05-05T22:24:23.017+04:00 DEBUG 19808 --- [    Test worker] o.s.orm.jpa.JpaTransactionManager        : Opened new EntityManager [SessionImpl(873586903<open>)] for JPA transaction
2024-05-05T22:24:23.022+04:00 DEBUG 19808 --- [    Test worker] o.h.e.t.internal.TransactionImpl         : On TransactionImpl creation, JpaCompliance#isJpaTransactionComplianceEnabled == false
2024-05-05T22:24:23.022+04:00 DEBUG 19808 --- [    Test worker] o.h.e.t.internal.TransactionImpl         : begin
2024-05-05T22:24:23.057+04:00 DEBUG 19808 --- [    Test worker] o.s.orm.jpa.JpaTransactionManager        : Exposing JPA transaction as JDBC [org.springframework.orm.jpa.vendor.HibernateJpaDialect$HibernateConnectionHandle@34ceefb5]
2024-05-05T22:24:23.068+04:00 DEBUG 19808 --- [    Test worker] o.h.j.internal.PersistenceUnitUtilImpl   : jakarta.persistence.PersistenceUnitUtil.getIdentifier is only intended to work with enhanced entities (although Hibernate also adapts this support to its proxies); however the passed entity was not enhanced (nor a proxy).. may not be able to read identifier
2024-05-05T22:24:23.099+04:00 DEBUG 19808 --- [    Test worker] org.hibernate.engine.spi.ActionQueue     : Executing identity-insert immediately
2024-05-05T22:24:23.118+04:00 DEBUG 19808 --- [    Test worker] org.hibernate.SQL                        : 
    insert 
    into
        users
        (email, password, roles, username, id) 
    values
        (?, ?, ?, ?, default)
Hibernate: 
    insert 
    into
        users
        (email, password, roles, username, id) 
    values
        (?, ?, ?, ?, default)
2024-05-05T22:24:23.131+04:00 DEBUG 19808 --- [    Test worker] o.h.id.IdentifierGeneratorHelper         : Natively generated identity (az.edu.ada.wm2.springbootsecurityframeworkdemo.model.entity.User) : 1
2024-05-05T22:24:23.138+04:00 DEBUG 19808 --- [    Test worker] o.s.orm.jpa.JpaTransactionManager        : Initiating transaction commit
2024-05-05T22:24:23.139+04:00 DEBUG 19808 --- [    Test worker] o.s.orm.jpa.JpaTransactionManager        : Committing JPA transaction on EntityManager [SessionImpl(873586903<open>)]
2024-05-05T22:24:23.139+04:00 DEBUG 19808 --- [    Test worker] o.h.e.t.internal.TransactionImpl         : committing
2024-05-05T22:24:23.140+04:00 DEBUG 19808 --- [    Test worker] o.h.e.i.AbstractFlushingEventListener    : Processing flush-time cascades
2024-05-05T22:24:23.142+04:00 DEBUG 19808 --- [    Test worker] o.h.e.i.AbstractFlushingEventListener    : Dirty checking collections
2024-05-05T22:24:23.150+04:00 DEBUG 19808 --- [    Test worker] o.h.e.i.AbstractFlushingEventListener    : Flushed: 0 insertions, 0 updates, 0 deletions to 1 objects
2024-05-05T22:24:23.150+04:00 DEBUG 19808 --- [    Test worker] o.h.e.i.AbstractFlushingEventListener    : Flushed: 0 (re)creations, 0 updates, 0 removals to 0 collections
2024-05-05T22:24:23.152+04:00 DEBUG 19808 --- [    Test worker] o.hibernate.internal.util.EntityPrinter  : Listing entities:
2024-05-05T22:24:23.153+04:00 DEBUG 19808 --- [    Test worker] o.hibernate.internal.util.EntityPrinter  : az.edu.ada.wm2.springbootsecurityframeworkdemo.model.entity.User{password=$2a$10$WoyBar2kNZBBXbGEV.S7DuWSW8n9nmbI1eUeGeRyKMFWCwgeS0Ovu, roles=ROLE_USER;ROLE_ADMIN, id=1, email=admin_user@ada.edu.az, username=admin}
2024-05-05T22:24:23.158+04:00 DEBUG 19808 --- [    Test worker] o.s.orm.jpa.JpaTransactionManager        : Closing JPA EntityManager [SessionImpl(873586903<open>)] after transaction
2024-05-05T22:24:23.159+04:00 DEBUG 19808 --- [    Test worker] tor$SharedEntityManagerInvocationHandler : Creating new EntityManager for shared EntityManager invocation
2024-05-05T22:24:23.161+04:00 DEBUG 19808 --- [    Test worker] org.hibernate.orm.sql.ast.create         : Created new SQL alias : u1_0
2024-05-05T22:24:23.161+04:00 DEBUG 19808 --- [    Test worker] org.hibernate.orm.sql.ast.create         : Registration of TableGroup [StandardTableGroup(az.edu.ada.wm2.springbootsecurityframeworkdemo.model.entity.User(193750738831600))] with identifierForTableGroup [az.edu.ada.wm2.springbootsecurityframeworkdemo.model.entity.User] for NavigablePath [az.edu.ada.wm2.springbootsecurityframeworkdemo.model.entity.User] 
2024-05-05T22:24:23.161+04:00 DEBUG 19808 --- [    Test worker] o.h.q.sqm.sql.BaseSqmToSqlAstConverter   : Determining mapping-model type for SqmParameter : org.hibernate.query.sqm.tree.expression.SqmJpaCriteriaParameterWrapper@2c5dfc9b
2024-05-05T22:24:23.161+04:00 DEBUG 19808 --- [    Test worker] o.h.q.sqm.sql.BaseSqmToSqlAstConverter   : Determining mapping-model type for SqmPath : SqmBasicValuedSimplePath(az.edu.ada.wm2.springbootsecurityframeworkdemo.model.entity.User(193750738831600).username) 
2024-05-05T22:24:23.162+04:00 DEBUG 19808 --- [    Test worker] org.hibernate.orm.results.graph.AST      : DomainResult Graph:
 \-EntityResultImpl [az.edu.ada.wm2.springbootsecurityframeworkdemo.model.entity.User(193750738831600)]
 |  +-BasicFetch [az.edu.ada.wm2.springbootsecurityframeworkdemo.model.entity.User(193750738831600).email]
 |  +-BasicFetch [az.edu.ada.wm2.springbootsecurityframeworkdemo.model.entity.User(193750738831600).password]
 |  +-BasicFetch [az.edu.ada.wm2.springbootsecurityframeworkdemo.model.entity.User(193750738831600).roles]
 |  \-BasicFetch [az.edu.ada.wm2.springbootsecurityframeworkdemo.model.entity.User(193750738831600).username]

2024-05-05T22:24:23.162+04:00 DEBUG 19808 --- [    Test worker] org.hibernate.orm.sql.ast.tree           : SQL AST Tree:
    SelectStatement {
      FromClause {
        StandardTableGroup (u1 : az.edu.ada.wm2.springbootsecurityframeworkdemo.model.entity.User(193750738831600)) {
          primaryTableReference : users as u1_0
        }
      }
    }

2024-05-05T22:24:23.162+04:00 DEBUG 19808 --- [    Test worker] org.hibernate.orm.sql.exec               : Skipping reading Query result cache data: cache-enabled = false, cache-mode = NORMAL
2024-05-05T22:24:23.163+04:00 DEBUG 19808 --- [    Test worker] org.hibernate.orm.results                : Initializer list:
	  az.edu.ada.wm2.springbootsecurityframeworkdemo.model.entity.User(193750738831600) -> EntityResultInitializer(az.edu.ada.wm2.springbootsecurityframeworkdemo.model.entity.User(193750738831600))@511387514 (SingleTableEntityPersister(az.edu.ada.wm2.springbootsecurityframeworkdemo.model.entity.User))

2024-05-05T22:24:23.163+04:00 DEBUG 19808 --- [    Test worker] org.hibernate.SQL                        : 
    select
        u1_0.id,
        u1_0.email,
        u1_0.password,
        u1_0.roles,
        u1_0.username 
    from
        users u1_0 
    where
        u1_0.username=?
Hibernate: 
    select
        u1_0.id,
        u1_0.email,
        u1_0.password,
        u1_0.roles,
        u1_0.username 
    from
        users u1_0 
    where
        u1_0.username=?
2024-05-05T22:24:23.276+04:00 DEBUG 19808 --- [    Test worker] o.s.orm.jpa.JpaTransactionManager        : Creating new transaction with name [org.springframework.data.jpa.repository.support.SimpleJpaRepository.save]: PROPAGATION_REQUIRED,ISOLATION_DEFAULT
2024-05-05T22:24:23.277+04:00 DEBUG 19808 --- [    Test worker] o.s.orm.jpa.JpaTransactionManager        : Opened new EntityManager [SessionImpl(1597132191<open>)] for JPA transaction
2024-05-05T22:24:23.277+04:00 DEBUG 19808 --- [    Test worker] o.h.e.t.internal.TransactionImpl         : On TransactionImpl creation, JpaCompliance#isJpaTransactionComplianceEnabled == false
2024-05-05T22:24:23.277+04:00 DEBUG 19808 --- [    Test worker] o.h.e.t.internal.TransactionImpl         : begin
2024-05-05T22:24:23.277+04:00 DEBUG 19808 --- [    Test worker] o.s.orm.jpa.JpaTransactionManager        : Exposing JPA transaction as JDBC [org.springframework.orm.jpa.vendor.HibernateJpaDialect$HibernateConnectionHandle@b7b5e7]
2024-05-05T22:24:23.277+04:00 DEBUG 19808 --- [    Test worker] o.h.j.internal.PersistenceUnitUtilImpl   : jakarta.persistence.PersistenceUnitUtil.getIdentifier is only intended to work with enhanced entities (although Hibernate also adapts this support to its proxies); however the passed entity was not enhanced (nor a proxy).. may not be able to read identifier
2024-05-05T22:24:23.277+04:00 DEBUG 19808 --- [    Test worker] org.hibernate.engine.spi.ActionQueue     : Executing identity-insert immediately
2024-05-05T22:24:23.278+04:00 DEBUG 19808 --- [    Test worker] org.hibernate.SQL                        : 
    insert 
    into
        users
        (email, password, roles, username, id) 
    values
        (?, ?, ?, ?, default)
Hibernate: 
    insert 
    into
        users
        (email, password, roles, username, id) 
    values
        (?, ?, ?, ?, default)
2024-05-05T22:24:23.279+04:00 DEBUG 19808 --- [    Test worker] o.h.id.IdentifierGeneratorHelper         : Natively generated identity (az.edu.ada.wm2.springbootsecurityframeworkdemo.model.entity.User) : 2
2024-05-05T22:24:23.279+04:00 DEBUG 19808 --- [    Test worker] o.s.orm.jpa.JpaTransactionManager        : Initiating transaction commit
2024-05-05T22:24:23.279+04:00 DEBUG 19808 --- [    Test worker] o.s.orm.jpa.JpaTransactionManager        : Committing JPA transaction on EntityManager [SessionImpl(1597132191<open>)]
2024-05-05T22:24:23.279+04:00 DEBUG 19808 --- [    Test worker] o.h.e.t.internal.TransactionImpl         : committing
2024-05-05T22:24:23.279+04:00 DEBUG 19808 --- [    Test worker] o.h.e.i.AbstractFlushingEventListener    : Processing flush-time cascades
2024-05-05T22:24:23.279+04:00 DEBUG 19808 --- [    Test worker] o.h.e.i.AbstractFlushingEventListener    : Dirty checking collections
2024-05-05T22:24:23.280+04:00 DEBUG 19808 --- [    Test worker] o.h.e.i.AbstractFlushingEventListener    : Flushed: 0 insertions, 0 updates, 0 deletions to 1 objects
2024-05-05T22:24:23.280+04:00 DEBUG 19808 --- [    Test worker] o.h.e.i.AbstractFlushingEventListener    : Flushed: 0 (re)creations, 0 updates, 0 removals to 0 collections
2024-05-05T22:24:23.280+04:00 DEBUG 19808 --- [    Test worker] o.hibernate.internal.util.EntityPrinter  : Listing entities:
2024-05-05T22:24:23.280+04:00 DEBUG 19808 --- [    Test worker] o.hibernate.internal.util.EntityPrinter  : az.edu.ada.wm2.springbootsecurityframeworkdemo.model.entity.User{password=$2a$10$YVQHSIqf8daJrZxbUdFEcO7dQSjjvV.Jo/Xw0hou795BmyUUOeXyW, roles=ROLE_USER;ROLE_USER, id=2, email=user@ada.edu.az, username=user}
2024-05-05T22:24:23.280+04:00 DEBUG 19808 --- [    Test worker] o.s.orm.jpa.JpaTransactionManager        : Closing JPA EntityManager [SessionImpl(1597132191<open>)] after transaction
2024-05-05T22:24:23.282+04:00 DEBUG 19808 --- [    Test worker] o.s.b.a.ApplicationAvailabilityBean      : Application availability state ReadinessState changed to ACCEPTING_TRAFFIC
2024-05-05T22:24:23.285+04:00 DEBUG 19808 --- [    Test worker] org.springframework.test.context.cache   : Spring test ApplicationContext cache statistics: [DefaultContextCache@112d94d size = 1, maxSize = 32, parentContextCount = 0, hitCount = 0, missCount = 1, failureCount = 0]
2024-05-05T22:24:23.286+04:00 DEBUG 19808 --- [    Test worker] o.s.t.c.w.ServletTestExecutionListener   : Setting up MockHttpServletRequest, MockHttpServletResponse, ServletWebRequest, and RequestContextHolder for test class az.edu.ada.wm2.springbootsecurityframeworkdemo.SpringBootSecurityFrameworkDemoApplicationTests
2024-05-05T22:24:23.305+04:00 DEBUG 19808 --- [    Test worker] DependencyInjectionTestExecutionListener : Performing dependency injection for test class az.edu.ada.wm2.springbootsecurityframeworkdemo.SpringBootSecurityFrameworkDemoApplicationTests
2024-05-05T22:24:23.306+04:00 DEBUG 19808 --- [    Test worker] org.springframework.test.context.cache   : Spring test ApplicationContext cache statistics: [DefaultContextCache@112d94d size = 1, maxSize = 32, parentContextCount = 0, hitCount = 1, missCount = 1, failureCount = 0]
2024-05-05T22:24:23.308+04:00 DEBUG 19808 --- [    Test worker] org.springframework.test.context.cache   : Spring test ApplicationContext cache statistics: [DefaultContextCache@112d94d size = 1, maxSize = 32, parentContextCount = 0, hitCount = 2, missCount = 1, failureCount = 0]
2024-05-05T22:24:23.312+04:00 DEBUG 19808 --- [    Test worker] sContextBeforeModesTestExecutionListener : Before test method: class [SpringBootSecurityFrameworkDemoApplicationTests], method [contextLoads], class annotated with @DirtiesContext [false] with mode [null], method annotated with @DirtiesContext [false] with mode [null]
2024-05-05T22:24:23.314+04:00 DEBUG 19808 --- [    Test worker] org.springframework.test.context.cache   : Spring test ApplicationContext cache statistics: [DefaultContextCache@112d94d size = 1, maxSize = 32, parentContextCount = 0, hitCount = 3, missCount = 1, failureCount = 0]
2024-05-05T22:24:23.315+04:00 DEBUG 19808 --- [    Test worker] org.springframework.test.context.cache   : Spring test ApplicationContext cache statistics: [DefaultContextCache@112d94d size = 1, maxSize = 32, parentContextCount = 0, hitCount = 4, missCount = 1, failureCount = 0]
2024-05-05T22:24:24.042+04:00 DEBUG 19808 --- [    Test worker] org.springframework.test.context.cache   : Spring test ApplicationContext cache statistics: [DefaultContextCache@112d94d size = 1, maxSize = 32, parentContextCount = 0, hitCount = 5, missCount = 1, failureCount = 0]
2024-05-05T22:24:24.051+04:00 DEBUG 19808 --- [    Test worker] org.springframework.test.context.cache   : Spring test ApplicationContext cache statistics: [DefaultContextCache@112d94d size = 1, maxSize = 32, parentContextCount = 0, hitCount = 6, missCount = 1, failureCount = 0]
2024-05-05T22:24:24.053+04:00 DEBUG 19808 --- [    Test worker] org.springframework.test.context.cache   : Spring test ApplicationContext cache statistics: [DefaultContextCache@112d94d size = 1, maxSize = 32, parentContextCount = 0, hitCount = 7, missCount = 1, failureCount = 0]
2024-05-05T22:24:24.055+04:00 DEBUG 19808 --- [    Test worker] org.springframework.test.context.cache   : Spring test ApplicationContext cache statistics: [DefaultContextCache@112d94d size = 1, maxSize = 32, parentContextCount = 0, hitCount = 8, missCount = 1, failureCount = 0]
2024-05-05T22:24:24.057+04:00 DEBUG 19808 --- [    Test worker] org.springframework.test.context.cache   : Spring test ApplicationContext cache statistics: [DefaultContextCache@112d94d size = 1, maxSize = 32, parentContextCount = 0, hitCount = 9, missCount = 1, failureCount = 0]
2024-05-05T22:24:24.061+04:00 DEBUG 19808 --- [    Test worker] org.springframework.test.context.cache   : Spring test ApplicationContext cache statistics: [DefaultContextCache@112d94d size = 1, maxSize = 32, parentContextCount = 0, hitCount = 10, missCount = 1, failureCount = 0]
2024-05-05T22:24:24.063+04:00 DEBUG 19808 --- [    Test worker] org.springframework.test.context.cache   : Spring test ApplicationContext cache statistics: [DefaultContextCache@112d94d size = 1, maxSize = 32, parentContextCount = 0, hitCount = 11, missCount = 1, failureCount = 0]
2024-05-05T22:24:24.064+04:00 DEBUG 19808 --- [    Test worker] org.springframework.test.context.cache   : Spring test ApplicationContext cache statistics: [DefaultContextCache@112d94d size = 1, maxSize = 32, parentContextCount = 0, hitCount = 12, missCount = 1, failureCount = 0]
2024-05-05T22:24:24.064+04:00 DEBUG 19808 --- [    Test worker] .c.s.DirtiesContextTestExecutionListener : After test method: class [SpringBootSecurityFrameworkDemoApplicationTests], method [contextLoads], class annotated with @DirtiesContext [false] with mode [null], method annotated with @DirtiesContext [false] with mode [null]
2024-05-05T22:24:24.065+04:00 DEBUG 19808 --- [    Test worker] o.s.t.c.w.ServletTestExecutionListener   : Resetting RequestContextHolder for test class az.edu.ada.wm2.springbootsecurityframeworkdemo.SpringBootSecurityFrameworkDemoApplicationTests
2024-05-05T22:24:24.077+04:00 DEBUG 19808 --- [    Test worker] org.springframework.test.context.cache   : Spring test ApplicationContext cache statistics: [DefaultContextCache@112d94d size = 1, maxSize = 32, parentContextCount = 0, hitCount = 13, missCount = 1, failureCount = 0]
2024-05-05T22:24:24.078+04:00 DEBUG 19808 --- [    Test worker] .c.s.DirtiesContextTestExecutionListener : After test class: class [SpringBootSecurityFrameworkDemoApplicationTests], class annotated with @DirtiesContext [false] with mode [null]
]]></system-out>
  <system-err><![CDATA[]]></system-err>
</testsuite>
